{"/home/travis/build/npmtest/node-npmtest-blueimp-load-image/test.js":{"path":"/home/travis/build/npmtest/node-npmtest-blueimp-load-image/test.js","s":{"1":2,"2":2,"3":2,"4":2,"5":2,"6":2,"7":2,"8":1,"9":2,"10":2,"11":1,"12":1,"13":1,"14":1,"15":2,"16":2,"17":2,"18":2,"19":1,"20":1,"21":2,"22":2,"23":2,"24":1,"25":1,"26":1,"27":1,"28":1,"29":1,"30":1,"31":1,"32":1,"33":1,"34":1,"35":1,"36":1,"37":1,"38":1,"39":2,"40":2,"41":1,"42":2,"43":2,"44":1,"45":2,"46":2,"47":1,"48":2,"49":2,"50":1,"51":1,"52":1,"53":1,"54":1},"b":{"1":[2,1,1,1],"2":[1,1,1,1],"3":[1,1],"4":[1,1],"5":[1,1],"6":[1,1],"7":[1,1],"8":[1,1],"9":[1,1],"10":[1,1,1],"11":[1,1],"12":[1,1],"13":[1,1],"14":[1,1],"15":[1,1],"16":[1,1],"17":[1,1]},"f":{"1":2,"2":2,"3":2,"4":2,"5":2,"6":1,"7":1,"8":1,"9":2,"10":2,"11":2,"12":2,"13":1},"fnMap":{"1":{"name":"(anonymous_1)","line":12,"loc":{"start":{"line":12,"column":1},"end":{"line":12,"column":13}}},"2":{"name":"(anonymous_2)","line":19,"loc":{"start":{"line":19,"column":5},"end":{"line":19,"column":17}}},"3":{"name":"(anonymous_3)","line":23,"loc":{"start":{"line":23,"column":24},"end":{"line":23,"column":36}}},"4":{"name":"(anonymous_4)","line":61,"loc":{"start":{"line":61,"column":5},"end":{"line":61,"column":17}}},"5":{"name":"(anonymous_5)","line":82,"loc":{"start":{"line":82,"column":5},"end":{"line":82,"column":17}}},"6":{"name":"(anonymous_6)","line":91,"loc":{"start":{"line":91,"column":77},"end":{"line":94,"column":10}}},"7":{"name":"(anonymous_7)","line":112,"loc":{"start":{"line":112,"column":83},"end":{"line":115,"column":10}},"skip":true},"8":{"name":"(anonymous_8)","line":123,"loc":{"start":{"line":123,"column":77},"end":{"line":126,"column":10}},"skip":true},"9":{"name":"(anonymous_9)","line":139,"loc":{"start":{"line":139,"column":12},"end":{"line":139,"column":40}},"skip":true},"10":{"name":"(anonymous_10)","line":147,"loc":{"start":{"line":147,"column":77},"end":{"line":150,"column":10}},"skip":true},"11":{"name":"(anonymous_11)","line":158,"loc":{"start":{"line":158,"column":83},"end":{"line":161,"column":10}},"skip":true},"12":{"name":"(anonymous_12)","line":169,"loc":{"start":{"line":169,"column":79},"end":{"line":172,"column":10}},"skip":true},"13":{"name":"(anonymous_13)","line":180,"loc":{"start":{"line":180,"column":75},"end":{"line":183,"column":10}},"skip":true}},"statementMap":{"1":{"start":{"line":12,"column":0},"end":{"line":195,"column":5}},"2":{"start":{"line":14,"column":4},"end":{"line":14,"column":14}},"3":{"start":{"line":19,"column":4},"end":{"line":56,"column":9}},"4":{"start":{"line":21,"column":8},"end":{"line":21,"column":19}},"5":{"start":{"line":23,"column":8},"end":{"line":35,"column":13}},"6":{"start":{"line":24,"column":12},"end":{"line":34,"column":13}},"7":{"start":{"line":25,"column":16},"end":{"line":28,"column":30}},"8":{"start":{"line":30,"column":16},"end":{"line":33,"column":27}},"9":{"start":{"line":37,"column":8},"end":{"line":39,"column":21}},"10":{"start":{"line":40,"column":8},"end":{"line":53,"column":9}},"11":{"start":{"line":43,"column":12},"end":{"line":46,"column":14}},"12":{"start":{"line":47,"column":12},"end":{"line":47,"column":18}},"13":{"start":{"line":50,"column":12},"end":{"line":51,"column":33}},"14":{"start":{"line":52,"column":12},"end":{"line":52,"column":18}},"15":{"start":{"line":55,"column":8},"end":{"line":55,"column":35}},"16":{"start":{"line":61,"column":4},"end":{"line":63,"column":9}},"17":{"start":{"line":62,"column":8},"end":{"line":62,"column":15}},"18":{"start":{"line":64,"column":4},"end":{"line":77,"column":5}},"19":{"start":{"line":70,"column":8},"end":{"line":70,"column":14}},"20":{"start":{"line":76,"column":8},"end":{"line":76,"column":14}},"21":{"start":{"line":82,"column":4},"end":{"line":84,"column":9}},"22":{"start":{"line":83,"column":8},"end":{"line":83,"column":15}},"23":{"start":{"line":85,"column":4},"end":{"line":194,"column":5}},"24":{"start":{"line":91,"column":8},"end":{"line":99,"column":10}},"25":{"start":{"line":98,"column":12},"end":{"line":98,"column":35}},"26":{"start":{"line":102,"column":8},"end":{"line":104,"column":63}},"27":{"start":{"line":105,"column":8},"end":{"line":105,"column":14}},"28":{"start":{"line":112,"column":8},"end":{"line":121,"column":10},"skip":true},"29":{"start":{"line":119,"column":12},"end":{"line":119,"column":55},"skip":true},"30":{"start":{"line":120,"column":12},"end":{"line":120,"column":48},"skip":true},"31":{"start":{"line":123,"column":8},"end":{"line":136,"column":10},"skip":true},"32":{"start":{"line":130,"column":12},"end":{"line":130,"column":76},"skip":true},"33":{"start":{"line":131,"column":12},"end":{"line":131,"column":73},"skip":true},"34":{"start":{"line":132,"column":12},"end":{"line":132,"column":74},"skip":true},"35":{"start":{"line":133,"column":12},"end":{"line":133,"column":79},"skip":true},"36":{"start":{"line":134,"column":12},"end":{"line":134,"column":25},"skip":true},"37":{"start":{"line":135,"column":12},"end":{"line":135,"column":45},"skip":true},"38":{"start":{"line":138,"column":8},"end":{"line":145,"column":14},"skip":true},"39":{"start":{"line":143,"column":16},"end":{"line":143,"column":29},"skip":true},"40":{"start":{"line":144,"column":16},"end":{"line":144,"column":55},"skip":true},"41":{"start":{"line":147,"column":8},"end":{"line":156,"column":10},"skip":true},"42":{"start":{"line":154,"column":12},"end":{"line":154,"column":25},"skip":true},"43":{"start":{"line":155,"column":12},"end":{"line":155,"column":45},"skip":true},"44":{"start":{"line":158,"column":8},"end":{"line":167,"column":10},"skip":true},"45":{"start":{"line":165,"column":12},"end":{"line":165,"column":25},"skip":true},"46":{"start":{"line":166,"column":12},"end":{"line":166,"column":48},"skip":true},"47":{"start":{"line":169,"column":8},"end":{"line":178,"column":10},"skip":true},"48":{"start":{"line":176,"column":12},"end":{"line":176,"column":25},"skip":true},"49":{"start":{"line":177,"column":12},"end":{"line":177,"column":46},"skip":true},"50":{"start":{"line":180,"column":8},"end":{"line":189,"column":10},"skip":true},"51":{"start":{"line":187,"column":12},"end":{"line":187,"column":94},"skip":true},"52":{"start":{"line":188,"column":12},"end":{"line":188,"column":48},"skip":true},"53":{"start":{"line":192,"column":8},"end":{"line":192,"column":35},"skip":true},"54":{"start":{"line":193,"column":8},"end":{"line":193,"column":14},"skip":true}},"branchMap":{"1":{"line":25,"type":"binary-expr","locations":[{"start":{"line":25,"column":23},"end":{"line":25,"column":62}},{"start":{"line":26,"column":20},"end":{"line":26,"column":70}},{"start":{"line":27,"column":20},"end":{"line":27,"column":71}},{"start":{"line":28,"column":20},"end":{"line":28,"column":29}}]},"2":{"line":30,"type":"binary-expr","locations":[{"start":{"line":30,"column":23},"end":{"line":30,"column":37}},{"start":{"line":31,"column":20},"end":{"line":31,"column":61}},{"start":{"line":32,"column":20},"end":{"line":32,"column":70}},{"start":{"line":33,"column":20},"end":{"line":33,"column":26}}]},"3":{"line":37,"type":"cond-expr","locations":[{"start":{"line":38,"column":14},"end":{"line":38,"column":20}},{"start":{"line":39,"column":14},"end":{"line":39,"column":20}}]},"4":{"line":40,"type":"switch","locations":[{"start":{"line":42,"column":8},"end":{"line":47,"column":18}},{"start":{"line":49,"column":8},"end":{"line":52,"column":18}}]},"5":{"line":44,"type":"binary-expr","locations":[{"start":{"line":44,"column":16},"end":{"line":44,"column":44}},{"start":{"line":44,"column":48},"end":{"line":44,"column":66}}]},"6":{"line":50,"type":"binary-expr","locations":[{"start":{"line":50,"column":21},"end":{"line":50,"column":49}},{"start":{"line":50,"column":53},"end":{"line":50,"column":72}}]},"7":{"line":64,"type":"switch","locations":[{"start":{"line":69,"column":4},"end":{"line":70,"column":14}},{"start":{"line":75,"column":4},"end":{"line":76,"column":14}}]},"8":{"line":85,"type":"switch","locations":[{"start":{"line":90,"column":4},"end":{"line":105,"column":14}},{"start":{"line":111,"column":4},"end":{"line":193,"column":14},"skip":true}]},"9":{"line":91,"type":"binary-expr","locations":[{"start":{"line":91,"column":42},"end":{"line":91,"column":73}},{"start":{"line":91,"column":77},"end":{"line":99,"column":9}}]},"10":{"line":102,"type":"binary-expr","locations":[{"start":{"line":102,"column":18},"end":{"line":102,"column":32}},{"start":{"line":103,"column":12},"end":{"line":103,"column":53}},{"start":{"line":104,"column":12},"end":{"line":104,"column":61}}]},"11":{"line":112,"type":"binary-expr","locations":[{"start":{"line":112,"column":45},"end":{"line":112,"column":79},"skip":true},{"start":{"line":112,"column":83},"end":{"line":121,"column":9},"skip":true}]},"12":{"line":123,"type":"binary-expr","locations":[{"start":{"line":123,"column":42},"end":{"line":123,"column":73},"skip":true},{"start":{"line":123,"column":77},"end":{"line":136,"column":9},"skip":true}]},"13":{"line":138,"type":"binary-expr","locations":[{"start":{"line":138,"column":48},"end":{"line":138,"column":85},"skip":true},{"start":{"line":139,"column":12},"end":{"line":145,"column":13},"skip":true}]},"14":{"line":147,"type":"binary-expr","locations":[{"start":{"line":147,"column":42},"end":{"line":147,"column":73},"skip":true},{"start":{"line":147,"column":77},"end":{"line":156,"column":9},"skip":true}]},"15":{"line":158,"type":"binary-expr","locations":[{"start":{"line":158,"column":45},"end":{"line":158,"column":79},"skip":true},{"start":{"line":158,"column":83},"end":{"line":167,"column":9},"skip":true}]},"16":{"line":169,"type":"binary-expr","locations":[{"start":{"line":169,"column":43},"end":{"line":169,"column":75},"skip":true},{"start":{"line":169,"column":79},"end":{"line":178,"column":9},"skip":true}]},"17":{"line":180,"type":"binary-expr","locations":[{"start":{"line":180,"column":41},"end":{"line":180,"column":71},"skip":true},{"start":{"line":180,"column":75},"end":{"line":189,"column":9},"skip":true}]}},"code":["/* istanbul instrument in package npmtest_blueimp_load_image */","/*jslint","    bitwise: true,","    browser: true,","    maxerr: 8,","    maxlen: 96,","    node: true,","    nomen: true,","    regexp: true,","    stupid: true","*/","(function () {","    'use strict';","    var local;","","","","    // run shared js-env code - init-before","    (function () {","        // init local","        local = {};","        // init modeJs","        local.modeJs = (function () {","            try {","                return typeof navigator.userAgent === 'string' &&","                    typeof document.querySelector('body') === 'object' &&","                    typeof XMLHttpRequest.prototype.open === 'function' &&","                    'browser';","            } catch (errorCaughtBrowser) {","                return module.exports &&","                    typeof process.versions.node === 'string' &&","                    typeof require('http').createServer === 'function' &&","                    'node';","            }","        }());","        // init global","        local.global = local.modeJs === 'browser'","            ? window","            : global;","        switch (local.modeJs) {","        // re-init local from window.local","        case 'browser':","            local = local.global.utility2.objectSetDefault(","                local.global.utility2_rollup || local.global.local,","                local.global.utility2","            );","            break;","        // re-init local from example.js","        case 'node':","            local = (local.global.utility2_rollup || require('utility2'))","                .requireReadme();","            break;","        }","        // export local","        local.global.local = local;","    }());","","","","    // run shared js-env code - function","    (function () {","        return;","    }());","    switch (local.modeJs) {","","","","    // run browser js-env code - function","    case 'browser':","        break;","","","","    // run node js-env code - function","    case 'node':","        break;","    }","","","","    // run shared js-env code - init-after","    (function () {","        return;","    }());","    switch (local.modeJs) {","","","","    // run browser js-env code - init-after","    case 'browser':","        local.testCase_browser_nullCase = local.testCase_browser_nullCase || function (","            options,","            onError","        ) {","        /*","         * this function will test browsers's null-case handling-behavior-behavior","         */","            onError(null, options);","        };","","        // run tests","        local.nop(local.modeTest &&","            document.querySelector('#testRunButton1') &&","            document.querySelector('#testRunButton1').click());","        break;","","","","    // run node js-env code - init-after","    /* istanbul ignore next */","    case 'node':","        local.testCase_buildApidoc_default = local.testCase_buildApidoc_default || function (","            options,","            onError","        ) {","        /*","         * this function will test buildApidoc's default handling-behavior-behavior","         */","            options = { modulePathList: module.paths };","            local.buildApidoc(options, onError);","        };","","        local.testCase_buildApp_default = local.testCase_buildApp_default || function (","            options,","            onError","        ) {","        /*","         * this function will test buildApp's default handling-behavior-behavior","         */","            local.testCase_buildReadme_default(options, local.onErrorThrow);","            local.testCase_buildLib_default(options, local.onErrorThrow);","            local.testCase_buildTest_default(options, local.onErrorThrow);","            local.testCase_buildCustomOrg_default(options, local.onErrorThrow);","            options = [];","            local.buildApp(options, onError);","        };","","        local.testCase_buildCustomOrg_default = local.testCase_buildCustomOrg_default ||","            function (options, onError) {","            /*","             * this function will test buildCustomOrg's default handling-behavior","             */","                options = {};","                local.buildCustomOrg(options, onError);","            };","","        local.testCase_buildLib_default = local.testCase_buildLib_default || function (","            options,","            onError","        ) {","        /*","         * this function will test buildLib's default handling-behavior","         */","            options = {};","            local.buildLib(options, onError);","        };","","        local.testCase_buildReadme_default = local.testCase_buildReadme_default || function (","            options,","            onError","        ) {","        /*","         * this function will test buildReadme's default handling-behavior-behavior","         */","            options = {};","            local.buildReadme(options, onError);","        };","","        local.testCase_buildTest_default = local.testCase_buildTest_default || function (","            options,","            onError","        ) {","        /*","         * this function will test buildTest's default handling-behavior","         */","            options = {};","            local.buildTest(options, onError);","        };","","        local.testCase_webpage_default = local.testCase_webpage_default || function (","            options,","            onError","        ) {","        /*","         * this function will test webpage's default handling-behavior","         */","            options = { modeCoverageMerge: true, url: local.serverLocalHost + '?modeTest=1' };","            local.browserTest(options, onError);","        };","","        // run test-server","        local.testRunServer(local);","        break;","    }","}());",""],"l":{"12":2,"14":2,"19":2,"21":2,"23":2,"24":2,"25":2,"30":1,"37":2,"40":2,"43":1,"47":1,"50":1,"52":1,"55":2,"61":2,"62":2,"64":2,"70":1,"76":1,"82":2,"83":2,"85":2,"91":1,"98":1,"102":1,"105":1,"112":1,"119":1,"120":1,"123":1,"130":1,"131":1,"132":1,"133":1,"134":1,"135":1,"138":1,"143":2,"144":2,"147":1,"154":2,"155":2,"158":1,"165":2,"166":2,"169":1,"176":2,"177":2,"180":1,"187":1,"188":1,"192":1,"193":1}},"/home/travis/build/npmtest/node-npmtest-blueimp-load-image/lib.npmtest_blueimp_load_image.js":{"path":"/home/travis/build/npmtest/node-npmtest-blueimp-load-image/lib.npmtest_blueimp_load_image.js","s":{"1":2,"2":2,"3":2,"4":2,"5":2,"6":2,"7":2,"8":1,"9":2,"10":2,"11":2,"12":2,"13":1,"14":1,"15":1,"16":1},"b":{"1":[2,1,1,1],"2":[1,1,1,1],"3":[1,1],"4":[2,2],"5":[1,1]},"f":{"1":2,"2":2,"3":2},"fnMap":{"1":{"name":"(anonymous_1)","line":12,"loc":{"start":{"line":12,"column":1},"end":{"line":12,"column":13}}},"2":{"name":"(anonymous_2)","line":19,"loc":{"start":{"line":19,"column":5},"end":{"line":19,"column":17}}},"3":{"name":"(anonymous_3)","line":23,"loc":{"start":{"line":23,"column":24},"end":{"line":23,"column":36}}}},"statementMap":{"1":{"start":{"line":12,"column":0},"end":{"line":53,"column":5}},"2":{"start":{"line":14,"column":4},"end":{"line":14,"column":14}},"3":{"start":{"line":19,"column":4},"end":{"line":52,"column":9}},"4":{"start":{"line":21,"column":8},"end":{"line":21,"column":19}},"5":{"start":{"line":23,"column":8},"end":{"line":35,"column":13}},"6":{"start":{"line":24,"column":12},"end":{"line":34,"column":13}},"7":{"start":{"line":25,"column":16},"end":{"line":28,"column":30}},"8":{"start":{"line":30,"column":16},"end":{"line":33,"column":27}},"9":{"start":{"line":37,"column":8},"end":{"line":39,"column":21}},"10":{"start":{"line":41,"column":8},"end":{"line":41,"column":54}},"11":{"start":{"line":43,"column":8},"end":{"line":43,"column":63}},"12":{"start":{"line":45,"column":8},"end":{"line":51,"column":9}},"13":{"start":{"line":46,"column":12},"end":{"line":46,"column":69}},"14":{"start":{"line":48,"column":12},"end":{"line":48,"column":35}},"15":{"start":{"line":49,"column":12},"end":{"line":49,"column":49}},"16":{"start":{"line":50,"column":12},"end":{"line":50,"column":43}}},"branchMap":{"1":{"line":25,"type":"binary-expr","locations":[{"start":{"line":25,"column":23},"end":{"line":25,"column":62}},{"start":{"line":26,"column":20},"end":{"line":26,"column":70}},{"start":{"line":27,"column":20},"end":{"line":27,"column":71}},{"start":{"line":28,"column":20},"end":{"line":28,"column":29}}]},"2":{"line":30,"type":"binary-expr","locations":[{"start":{"line":30,"column":23},"end":{"line":30,"column":37}},{"start":{"line":31,"column":20},"end":{"line":31,"column":61}},{"start":{"line":32,"column":20},"end":{"line":32,"column":70}},{"start":{"line":33,"column":20},"end":{"line":33,"column":26}}]},"3":{"line":37,"type":"cond-expr","locations":[{"start":{"line":38,"column":14},"end":{"line":38,"column":20}},{"start":{"line":39,"column":14},"end":{"line":39,"column":20}}]},"4":{"line":41,"type":"binary-expr","locations":[{"start":{"line":41,"column":16},"end":{"line":41,"column":44}},{"start":{"line":41,"column":48},"end":{"line":41,"column":53}}]},"5":{"line":45,"type":"if","locations":[{"start":{"line":45,"column":8},"end":{"line":45,"column":8}},{"start":{"line":45,"column":8},"end":{"line":45,"column":8}}]}},"code":["/* istanbul instrument in package npmtest_blueimp_load_image */","/*jslint","    bitwise: true,","    browser: true,","    maxerr: 8,","    maxlen: 96,","    node: true,","    nomen: true,","    regexp: true,","    stupid: true","*/","(function () {","    'use strict';","    var local;","","","","    // run shared js-env code - init-before","    (function () {","        // init local","        local = {};","        // init modeJs","        local.modeJs = (function () {","            try {","                return typeof navigator.userAgent === 'string' &&","                    typeof document.querySelector('body') === 'object' &&","                    typeof XMLHttpRequest.prototype.open === 'function' &&","                    'browser';","            } catch (errorCaughtBrowser) {","                return module.exports &&","                    typeof process.versions.node === 'string' &&","                    typeof require('http').createServer === 'function' &&","                    'node';","            }","        }());","        // init global","        local.global = local.modeJs === 'browser'","            ? window","            : global;","        // init utility2_rollup","        local = local.global.utility2_rollup || local;","        // init lib","        local.local = local.npmtest_blueimp_load_image = local;","        // init exports","        if (local.modeJs === 'browser') {","            local.global.utility2_npmtest_blueimp_load_image = local;","        } else {","            module.exports = local;","            module.exports.__dirname = __dirname;","            module.exports.module = module;","        }","    }());","}());",""],"l":{"12":2,"14":2,"19":2,"21":2,"23":2,"24":2,"25":2,"30":1,"37":2,"41":2,"43":2,"45":2,"46":1,"48":1,"49":1,"50":1}},"/home/travis/build/npmtest/node-npmtest-blueimp-load-image/example.js":{"path":"/home/travis/build/npmtest/node-npmtest-blueimp-load-image/example.js","s":{"1":2,"2":2,"3":2,"4":2,"5":2,"6":2,"7":2,"8":1,"9":2,"10":2,"11":2,"12":2,"13":1,"14":2,"15":2,"16":2,"17":2,"18":2,"19":0,"20":2,"21":1,"22":1,"23":1,"24":1,"25":1,"26":0,"27":0,"28":1,"29":1,"30":2,"31":0,"32":0,"33":0,"34":1,"35":2,"36":2,"37":3,"38":3,"39":3,"40":3,"41":0,"42":3,"43":3,"44":3,"45":1,"46":3,"47":1,"48":1,"49":1,"50":1,"51":1,"52":1,"53":1,"54":1,"55":1,"56":1,"57":0,"58":1,"59":6,"60":6,"61":1,"62":2,"63":0,"64":2,"65":1,"66":1,"67":0,"68":0,"69":0,"70":0,"71":0,"72":0,"73":0,"74":0,"75":0,"76":0,"77":0,"78":0,"79":0,"80":0,"81":0,"82":0,"83":0},"b":{"1":[2,1,1,1],"2":[1,1,1,1],"3":[1,1],"4":[2,2],"5":[1,1],"6":[1,1],"7":[2,0],"8":[2,1,1,1,1,1],"9":[0,2,0],"10":[1,1],"11":[2,1,1],"12":[1,0],"13":[0,2],"14":[2,0,0,0,0,0,0],"15":[0,3],"16":[3,0],"17":[1,1],"18":[0,1],"19":[1,2,0,2],"20":[1,0],"21":[1,1],"22":[0,0],"23":[0,0],"24":[0,0],"25":[0,0],"26":[0,0],"27":[0,0],"28":[0,0]},"f":{"1":2,"2":2,"3":2,"4":2,"5":2,"6":2,"7":3,"8":3,"9":3,"10":1,"11":6,"12":0},"fnMap":{"1":{"name":"(anonymous_1)","line":26,"loc":{"start":{"line":26,"column":1},"end":{"line":26,"column":13}}},"2":{"name":"(anonymous_2)","line":33,"loc":{"start":{"line":33,"column":5},"end":{"line":33,"column":17}}},"3":{"name":"(anonymous_3)","line":37,"loc":{"start":{"line":37,"column":24},"end":{"line":37,"column":36}}},"4":{"name":"(anonymous_4)","line":69,"loc":{"start":{"line":69,"column":31},"end":{"line":69,"column":48}},"skip":true},"5":{"name":"(anonymous_5)","line":78,"loc":{"start":{"line":78,"column":26},"end":{"line":78,"column":45}},"skip":true},"6":{"name":"(anonymous_6)","line":123,"loc":{"start":{"line":123,"column":33},"end":{"line":123,"column":48}},"skip":true},"7":{"name":"(anonymous_7)","line":125,"loc":{"start":{"line":125,"column":27},"end":{"line":125,"column":39}},"skip":true},"8":{"name":"(anonymous_8)","line":133,"loc":{"start":{"line":133,"column":59},"end":{"line":133,"column":74}},"skip":true},"9":{"name":"(anonymous_9)","line":143,"loc":{"start":{"line":143,"column":45},"end":{"line":143,"column":62}},"skip":true},"10":{"name":"(anonymous_10)","line":144,"loc":{"start":{"line":144,"column":73},"end":{"line":144,"column":92}},"skip":true},"11":{"name":"(anonymous_11)","line":272,"loc":{"start":{"line":272,"column":51},"end":{"line":272,"column":77}},"skip":true},"12":{"name":"(anonymous_12)","line":315,"loc":{"start":{"line":315,"column":32},"end":{"line":315,"column":61}},"skip":true}},"statementMap":{"1":{"start":{"line":26,"column":0},"end":{"line":326,"column":5}},"2":{"start":{"line":28,"column":4},"end":{"line":28,"column":14}},"3":{"start":{"line":33,"column":4},"end":{"line":60,"column":9}},"4":{"start":{"line":35,"column":8},"end":{"line":35,"column":19}},"5":{"start":{"line":37,"column":8},"end":{"line":49,"column":13}},"6":{"start":{"line":38,"column":12},"end":{"line":48,"column":13}},"7":{"start":{"line":39,"column":16},"end":{"line":42,"column":30}},"8":{"start":{"line":44,"column":16},"end":{"line":47,"column":27}},"9":{"start":{"line":51,"column":8},"end":{"line":53,"column":21}},"10":{"start":{"line":55,"column":8},"end":{"line":57,"column":45}},"11":{"start":{"line":59,"column":8},"end":{"line":59,"column":35}},"12":{"start":{"line":61,"column":4},"end":{"line":325,"column":5}},"13":{"start":{"line":69,"column":8},"end":{"line":121,"column":10},"skip":true},"14":{"start":{"line":70,"column":12},"end":{"line":88,"column":13},"skip":true},"15":{"start":{"line":76,"column":16},"end":{"line":87,"column":19},"skip":true},"16":{"start":{"line":79,"column":20},"end":{"line":86,"column":21},"skip":true},"17":{"start":{"line":82,"column":24},"end":{"line":82,"column":43},"skip":true},"18":{"start":{"line":83,"column":24},"end":{"line":83,"column":30},"skip":true},"19":{"start":{"line":85,"column":24},"end":{"line":85,"column":49},"skip":true},"20":{"start":{"line":89,"column":12},"end":{"line":107,"column":13},"skip":true},"21":{"start":{"line":92,"column":16},"end":{"line":102,"column":17},"skip":true},"22":{"start":{"line":93,"column":20},"end":{"line":93,"column":86},"skip":true},"23":{"start":{"line":94,"column":20},"end":{"line":95,"column":45},"skip":true},"24":{"start":{"line":96,"column":20},"end":{"line":96,"column":42},"skip":true},"25":{"start":{"line":97,"column":20},"end":{"line":97,"column":48},"skip":true},"26":{"start":{"line":100,"column":20},"end":{"line":100,"column":85},"skip":true},"27":{"start":{"line":101,"column":20},"end":{"line":101,"column":96},"skip":true},"28":{"start":{"line":103,"column":16},"end":{"line":103,"column":22},"skip":true},"29":{"start":{"line":106,"column":16},"end":{"line":106,"column":22},"skip":true},"30":{"start":{"line":108,"column":12},"end":{"line":120,"column":13},"skip":true},"31":{"start":{"line":114,"column":16},"end":{"line":119,"column":17},"skip":true},"32":{"start":{"line":116,"column":20},"end":{"line":116,"column":78},"skip":true},"33":{"start":{"line":118,"column":20},"end":{"line":118,"column":47},"skip":true},"34":{"start":{"line":123,"column":8},"end":{"line":141,"column":11},"skip":true},"35":{"start":{"line":124,"column":12},"end":{"line":124,"column":54},"skip":true},"36":{"start":{"line":125,"column":12},"end":{"line":140,"column":14},"skip":true},"37":{"start":{"line":126,"column":16},"end":{"line":126,"column":28},"skip":true},"38":{"start":{"line":127,"column":16},"end":{"line":127,"column":69},"skip":true},"39":{"start":{"line":128,"column":16},"end":{"line":128,"column":75},"skip":true},"40":{"start":{"line":129,"column":16},"end":{"line":131,"column":17},"skip":true},"41":{"start":{"line":130,"column":20},"end":{"line":130,"column":27},"skip":true},"42":{"start":{"line":133,"column":16},"end":{"line":137,"column":36},"skip":true},"43":{"start":{"line":134,"column":20},"end":{"line":136,"column":55},"skip":true},"44":{"start":{"line":139,"column":16},"end":{"line":139,"column":57},"skip":true},"45":{"start":{"line":143,"column":8},"end":{"line":147,"column":11},"skip":true},"46":{"start":{"line":144,"column":12},"end":{"line":146,"column":15},"skip":true},"47":{"start":{"line":145,"column":16},"end":{"line":145,"column":70},"skip":true},"48":{"start":{"line":149,"column":8},"end":{"line":149,"column":31},"skip":true},"49":{"start":{"line":150,"column":8},"end":{"line":150,"column":14},"skip":true},"50":{"start":{"line":158,"column":8},"end":{"line":158,"column":31},"skip":true},"51":{"start":{"line":160,"column":8},"end":{"line":160,"column":33},"skip":true},"52":{"start":{"line":161,"column":8},"end":{"line":161,"column":37},"skip":true},"53":{"start":{"line":162,"column":8},"end":{"line":162,"column":35},"skip":true},"54":{"start":{"line":164,"column":8},"end":{"line":164,"column":50},"skip":true},"55":{"start":{"line":166,"column":8},"end":{"line":256,"column":2},"skip":true},"56":{"start":{"line":258,"column":8},"end":{"line":286,"column":9},"skip":true},"57":{"start":{"line":259,"column":12},"end":{"line":269,"column":14},"skip":true},"58":{"start":{"line":271,"column":12},"end":{"line":285,"column":19},"skip":true},"59":{"start":{"line":274,"column":20},"end":{"line":274,"column":35},"skip":true},"60":{"start":{"line":275,"column":20},"end":{"line":284,"column":21},"skip":true},"61":{"start":{"line":277,"column":24},"end":{"line":277,"column":64},"skip":true},"62":{"start":{"line":279,"column":24},"end":{"line":279,"column":40},"skip":true},"63":{"start":{"line":281,"column":24},"end":{"line":281,"column":40},"skip":true},"64":{"start":{"line":283,"column":24},"end":{"line":283,"column":39},"skip":true},"65":{"start":{"line":288,"column":8},"end":{"line":290,"column":9},"skip":true},"66":{"start":{"line":289,"column":12},"end":{"line":289,"column":18},"skip":true},"67":{"start":{"line":291,"column":8},"end":{"line":293,"column":54},"skip":true},"68":{"start":{"line":296,"column":8},"end":{"line":301,"column":37},"skip":true},"69":{"start":{"line":303,"column":8},"end":{"line":303,"column":82},"skip":true},"70":{"start":{"line":306,"column":8},"end":{"line":308,"column":9},"skip":true},"71":{"start":{"line":307,"column":12},"end":{"line":307,"column":82},"skip":true},"72":{"start":{"line":310,"column":8},"end":{"line":312,"column":9},"skip":true},"73":{"start":{"line":311,"column":12},"end":{"line":311,"column":18},"skip":true},"74":{"start":{"line":313,"column":8},"end":{"line":313,"column":54},"skip":true},"75":{"start":{"line":314,"column":8},"end":{"line":314,"column":69},"skip":true},"76":{"start":{"line":315,"column":8},"end":{"line":323,"column":36},"skip":true},"77":{"start":{"line":316,"column":12},"end":{"line":316,"column":61},"skip":true},"78":{"start":{"line":317,"column":12},"end":{"line":320,"column":13},"skip":true},"79":{"start":{"line":318,"column":16},"end":{"line":318,"column":75},"skip":true},"80":{"start":{"line":319,"column":16},"end":{"line":319,"column":23},"skip":true},"81":{"start":{"line":321,"column":12},"end":{"line":321,"column":38},"skip":true},"82":{"start":{"line":322,"column":12},"end":{"line":322,"column":27},"skip":true},"83":{"start":{"line":324,"column":8},"end":{"line":324,"column":14},"skip":true}},"branchMap":{"1":{"line":39,"type":"binary-expr","locations":[{"start":{"line":39,"column":23},"end":{"line":39,"column":62}},{"start":{"line":40,"column":20},"end":{"line":40,"column":70}},{"start":{"line":41,"column":20},"end":{"line":41,"column":71}},{"start":{"line":42,"column":20},"end":{"line":42,"column":29}}]},"2":{"line":44,"type":"binary-expr","locations":[{"start":{"line":44,"column":23},"end":{"line":44,"column":37}},{"start":{"line":45,"column":20},"end":{"line":45,"column":61}},{"start":{"line":46,"column":20},"end":{"line":46,"column":70}},{"start":{"line":47,"column":20},"end":{"line":47,"column":26}}]},"3":{"line":51,"type":"cond-expr","locations":[{"start":{"line":52,"column":14},"end":{"line":52,"column":20}},{"start":{"line":53,"column":14},"end":{"line":53,"column":20}}]},"4":{"line":55,"type":"binary-expr","locations":[{"start":{"line":55,"column":16},"end":{"line":55,"column":44}},{"start":{"line":55,"column":49},"end":{"line":57,"column":43}}]},"5":{"line":55,"type":"cond-expr","locations":[{"start":{"line":56,"column":14},"end":{"line":56,"column":62}},{"start":{"line":57,"column":14},"end":{"line":57,"column":43}}]},"6":{"line":61,"type":"switch","locations":[{"start":{"line":68,"column":4},"end":{"line":150,"column":14},"skip":true},{"start":{"line":156,"column":4},"end":{"line":324,"column":14},"skip":true}]},"7":{"line":70,"type":"if","locations":[{"start":{"line":70,"column":12},"end":{"line":70,"column":12},"skip":true},{"start":{"line":70,"column":12},"end":{"line":70,"column":12},"skip":true}]},"8":{"line":70,"type":"binary-expr","locations":[{"start":{"line":70,"column":16},"end":{"line":70,"column":22},"skip":true},{"start":{"line":70,"column":27},"end":{"line":70,"column":32},"skip":true},{"start":{"line":71,"column":20},"end":{"line":71,"column":39},"skip":true},{"start":{"line":72,"column":20},"end":{"line":72,"column":49},"skip":true},{"start":{"line":73,"column":20},"end":{"line":73,"column":58},"skip":true},{"start":{"line":74,"column":20},"end":{"line":74,"column":69},"skip":true}]},"9":{"line":79,"type":"switch","locations":[{"start":{"line":80,"column":20},"end":{"line":80,"column":33},"skip":true},{"start":{"line":81,"column":20},"end":{"line":83,"column":30},"skip":true},{"start":{"line":84,"column":20},"end":{"line":85,"column":49},"skip":true}]},"10":{"line":89,"type":"switch","locations":[{"start":{"line":90,"column":12},"end":{"line":103,"column":22},"skip":true},{"start":{"line":105,"column":12},"end":{"line":106,"column":22},"skip":true}]},"11":{"line":89,"type":"binary-expr","locations":[{"start":{"line":89,"column":20},"end":{"line":89,"column":25},"skip":true},{"start":{"line":89,"column":29},"end":{"line":89,"column":48},"skip":true},{"start":{"line":89,"column":52},"end":{"line":89,"column":74},"skip":true}]},"12":{"line":92,"type":"if","locations":[{"start":{"line":92,"column":16},"end":{"line":92,"column":16},"skip":true},{"start":{"line":92,"column":16},"end":{"line":92,"column":16},"skip":true}]},"13":{"line":108,"type":"if","locations":[{"start":{"line":108,"column":12},"end":{"line":108,"column":12},"skip":true},{"start":{"line":108,"column":12},"end":{"line":108,"column":12},"skip":true}]},"14":{"line":108,"type":"binary-expr","locations":[{"start":{"line":108,"column":16},"end":{"line":108,"column":61},"skip":true},{"start":{"line":108,"column":66},"end":{"line":108,"column":72},"skip":true},{"start":{"line":108,"column":77},"end":{"line":108,"column":82},"skip":true},{"start":{"line":109,"column":20},"end":{"line":109,"column":39},"skip":true},{"start":{"line":110,"column":20},"end":{"line":110,"column":49},"skip":true},{"start":{"line":111,"column":20},"end":{"line":111,"column":58},"skip":true},{"start":{"line":112,"column":20},"end":{"line":112,"column":68},"skip":true}]},"15":{"line":129,"type":"if","locations":[{"start":{"line":129,"column":16},"end":{"line":129,"column":16},"skip":true},{"start":{"line":129,"column":16},"end":{"line":129,"column":16},"skip":true}]},"16":{"line":134,"type":"cond-expr","locations":[{"start":{"line":135,"column":26},"end":{"line":135,"column":29},"skip":true},{"start":{"line":136,"column":26},"end":{"line":136,"column":54},"skip":true}]},"17":{"line":164,"type":"binary-expr","locations":[{"start":{"line":164,"column":27},"end":{"line":164,"column":43},"skip":true},{"start":{"line":164,"column":47},"end":{"line":164,"column":49},"skip":true}]},"18":{"line":258,"type":"if","locations":[{"start":{"line":258,"column":8},"end":{"line":258,"column":8},"skip":true},{"start":{"line":258,"column":8},"end":{"line":258,"column":8},"skip":true}]},"19":{"line":275,"type":"switch","locations":[{"start":{"line":276,"column":20},"end":{"line":277,"column":64},"skip":true},{"start":{"line":278,"column":20},"end":{"line":279,"column":40},"skip":true},{"start":{"line":280,"column":20},"end":{"line":281,"column":40},"skip":true},{"start":{"line":282,"column":20},"end":{"line":283,"column":39},"skip":true}]},"20":{"line":288,"type":"if","locations":[{"start":{"line":288,"column":8},"end":{"line":288,"column":8},"skip":true},{"start":{"line":288,"column":8},"end":{"line":288,"column":8},"skip":true}]},"21":{"line":288,"type":"binary-expr","locations":[{"start":{"line":288,"column":12},"end":{"line":288,"column":40},"skip":true},{"start":{"line":288,"column":44},"end":{"line":288,"column":67},"skip":true}]},"22":{"line":292,"type":"binary-expr","locations":[{"start":{"line":292,"column":12},"end":{"line":292,"column":50},"skip":true},{"start":{"line":293,"column":12},"end":{"line":293,"column":53},"skip":true}]},"23":{"line":297,"type":"binary-expr","locations":[{"start":{"line":297,"column":12},"end":{"line":297,"column":76},"skip":true},{"start":{"line":298,"column":12},"end":{"line":301,"column":36},"skip":true}]},"24":{"line":303,"type":"binary-expr","locations":[{"start":{"line":303,"column":43},"end":{"line":303,"column":75},"skip":true},{"start":{"line":303,"column":79},"end":{"line":303,"column":81},"skip":true}]},"25":{"line":306,"type":"if","locations":[{"start":{"line":306,"column":8},"end":{"line":306,"column":8},"skip":true},{"start":{"line":306,"column":8},"end":{"line":306,"column":8},"skip":true}]},"26":{"line":310,"type":"if","locations":[{"start":{"line":310,"column":8},"end":{"line":310,"column":8},"skip":true},{"start":{"line":310,"column":8},"end":{"line":310,"column":8},"skip":true}]},"27":{"line":313,"type":"binary-expr","locations":[{"start":{"line":313,"column":27},"end":{"line":313,"column":43},"skip":true},{"start":{"line":313,"column":47},"end":{"line":313,"column":53},"skip":true}]},"28":{"line":317,"type":"if","locations":[{"start":{"line":317,"column":12},"end":{"line":317,"column":12},"skip":true},{"start":{"line":317,"column":12},"end":{"line":317,"column":12},"skip":true}]}},"code":["/*","example.js","","quickstart example","","instruction","    1. save this script as example.js","    2. run the shell command:","        $ npm install npmtest-blueimp-load-image && PORT=8081 node example.js","    3. play with the browser-demo on http://127.0.0.1:8081","*/","","","","/* istanbul instrument in package npmtest_blueimp_load_image */","/*jslint","    bitwise: true,","    browser: true,","    maxerr: 8,","    maxlen: 96,","    node: true,","    nomen: true,","    regexp: true,","    stupid: true","*/","(function () {","    'use strict';","    var local;","","","","    // run shared js-env code - init-before","    (function () {","        // init local","        local = {};","        // init modeJs","        local.modeJs = (function () {","            try {","                return typeof navigator.userAgent === 'string' &&","                    typeof document.querySelector('body') === 'object' &&","                    typeof XMLHttpRequest.prototype.open === 'function' &&","                    'browser';","            } catch (errorCaughtBrowser) {","                return module.exports &&","                    typeof process.versions.node === 'string' &&","                    typeof require('http').createServer === 'function' &&","                    'node';","            }","        }());","        // init global","        local.global = local.modeJs === 'browser'","            ? window","            : global;","        // init utility2_rollup","        local = local.global.utility2_rollup || (local.modeJs === 'browser'","            ? local.global.utility2_npmtest_blueimp_load_image","            : global.utility2_moduleExports);","        // export local","        local.global.local = local;","    }());","    switch (local.modeJs) {","","","","    // init-after","    // run browser js-env code - init-after","    /* istanbul ignore next */","    case 'browser':","        local.testRunBrowser = function (event) {","            if (!event || (event &&","                    event.currentTarget &&","                    event.currentTarget.className &&","                    event.currentTarget.className.includes &&","                    event.currentTarget.className.includes('onreset'))) {","                // reset output","                Array.from(","                    document.querySelectorAll('body > .resettable')","                ).forEach(function (element) {","                    switch (element.tagName) {","                    case 'INPUT':","                    case 'TEXTAREA':","                        element.value = '';","                        break;","                    default:","                        element.textContent = '';","                    }","                });","            }","            switch (event && event.currentTarget && event.currentTarget.id) {","            case 'testRunButton1':","                // show tests","                if (document.querySelector('#testReportDiv1').style.display === 'none') {","                    document.querySelector('#testReportDiv1').style.display = 'block';","                    document.querySelector('#testRunButton1').textContent =","                        'hide internal test';","                    local.modeTest = true;","                    local.testRunDefault(local);","                // hide tests","                } else {","                    document.querySelector('#testReportDiv1').style.display = 'none';","                    document.querySelector('#testRunButton1').textContent = 'run internal test';","                }","                break;","            // custom-case","            default:","                break;","            }","            if (document.querySelector('#inputTextareaEval1') && (!event || (event &&","                    event.currentTarget &&","                    event.currentTarget.className &&","                    event.currentTarget.className.includes &&","                    event.currentTarget.className.includes('oneval')))) {","                // try to eval input-code","                try {","                    /*jslint evil: true*/","                    eval(document.querySelector('#inputTextareaEval1').value);","                } catch (errorCaught) {","                    console.error(errorCaught);","                }","            }","        };","        // log stderr and stdout to #outputTextareaStdout1","        ['error', 'log'].forEach(function (key) {","            console[key + '_original'] = console[key];","            console[key] = function () {","                var element;","                console[key + '_original'].apply(console, arguments);","                element = document.querySelector('#outputTextareaStdout1');","                if (!element) {","                    return;","                }","                // append text to #outputTextareaStdout1","                element.value += Array.from(arguments).map(function (arg) {","                    return typeof arg === 'string'","                        ? arg","                        : JSON.stringify(arg, null, 4);","                }).join(' ') + '\\n';","                // scroll textarea to bottom","                element.scrollTop = element.scrollHeight;","            };","        });","        // init event-handling","        ['change', 'click', 'keyup'].forEach(function (event) {","            Array.from(document.querySelectorAll('.on' + event)).forEach(function (element) {","                element.addEventListener(event, local.testRunBrowser);","            });","        });","        // run tests","        local.testRunBrowser();","        break;","","","","    // run node js-env code - init-after","    /* istanbul ignore next */","    case 'node':","        // export local","        module.exports = local;","        // require modules","        local.fs = require('fs');","        local.http = require('http');","        local.url = require('url');","        // init assets","        local.assetsDict = local.assetsDict || {};","        /* jslint-ignore-begin */","        local.assetsDict['/assets.index.template.html'] = '\\","<!doctype html>\\n\\","<html lang=\"en\">\\n\\","<head>\\n\\","<meta charset=\"UTF-8\">\\n\\","<meta name=\"viewport\" content=\"width=device-width, initial-scale=1\">\\n\\","<title>{{env.npm_package_name}} (v{{env.npm_package_version}})</title>\\n\\","<style>\\n\\","/*csslint\\n\\","    box-sizing: false,\\n\\","    universal-selector: false\\n\\","*/\\n\\","* {\\n\\","    box-sizing: border-box;\\n\\","}\\n\\","body {\\n\\","    background: #dde;\\n\\","    font-family: Arial, Helvetica, sans-serif;\\n\\","    margin: 2rem;\\n\\","}\\n\\","body > * {\\n\\","    margin-bottom: 1rem;\\n\\","}\\n\\",".utility2FooterDiv {\\n\\","    margin-top: 20px;\\n\\","    text-align: center;\\n\\","}\\n\\","</style>\\n\\","<style>\\n\\","/*csslint\\n\\","*/\\n\\","textarea {\\n\\","    font-family: monospace;\\n\\","    height: 10rem;\\n\\","    width: 100%;\\n\\","}\\n\\","textarea[readonly] {\\n\\","    background: #ddd;\\n\\","}\\n\\","</style>\\n\\","</head>\\n\\","<body>\\n\\","<!-- utility2-comment\\n\\","<div id=\"ajaxProgressDiv1\" style=\"background: #d00; height: 2px; left: 0; margin: 0; padding: 0; position: fixed; top: 0; transition: background 0.5s, width 1.5s; width: 25%;\"></div>\\n\\","utility2-comment -->\\n\\","<h1>\\n\\","<!-- utility2-comment\\n\\","    <a\\n\\","        {{#if env.npm_package_homepage}}\\n\\","        href=\"{{env.npm_package_homepage}}\"\\n\\","        {{/if env.npm_package_homepage}}\\n\\","        target=\"_blank\"\\n\\","    >\\n\\","utility2-comment -->\\n\\","        {{env.npm_package_name}} (v{{env.npm_package_version}})\\n\\","<!-- utility2-comment\\n\\","    </a>\\n\\","utility2-comment -->\\n\\","</h1>\\n\\","<h3>{{env.npm_package_description}}</h3>\\n\\","<!-- utility2-comment\\n\\","<h4><a download href=\"assets.app.js\">download standalone app</a></h4>\\n\\","<button class=\"onclick onreset\" id=\"testRunButton1\">run internal test</button><br>\\n\\","<div id=\"testReportDiv1\" style=\"display: none;\"></div>\\n\\","utility2-comment -->\\n\\","\\n\\","\\n\\","\\n\\","<label>stderr and stdout</label>\\n\\","<textarea class=\"resettable\" id=\"outputTextareaStdout1\" readonly></textarea>\\n\\","<!-- utility2-comment\\n\\","{{#if isRollup}}\\n\\","<script src=\"assets.app.js\"></script>\\n\\","{{#unless isRollup}}\\n\\","utility2-comment -->\\n\\","<script src=\"assets.utility2.rollup.js\"></script>\\n\\","<script src=\"jsonp.utility2._stateInit?callback=window.utility2._stateInit\"></script>\\n\\","<script src=\"assets.npmtest_blueimp_load_image.rollup.js\"></script>\\n\\","<script src=\"assets.example.js\"></script>\\n\\","<script src=\"assets.test.js\"></script>\\n\\","<!-- utility2-comment\\n\\","{{/if isRollup}}\\n\\","utility2-comment -->\\n\\","<div class=\"utility2FooterDiv\">\\n\\","    [ this app was created with\\n\\","    <a href=\"https://github.com/kaizhu256/node-utility2\" target=\"_blank\">utility2</a>\\n\\","    ]\\n\\","</div>\\n\\","</body>\\n\\","</html>\\n\\","';","        /* jslint-ignore-end */","        if (local.templateRender) {","            local.assetsDict['/'] = local.templateRender(","                local.assetsDict['/assets.index.template.html'],","                {","                    env: local.objectSetDefault(local.env, {","                        npm_package_description: 'the greatest app in the world!',","                        npm_package_name: 'my-app',","                        npm_package_nameAlias: 'my_app',","                        npm_package_version: '0.0.1'","                    })","                }","            );","        } else {","            local.assetsDict['/'] = local.assetsDict['/assets.index.template.html']","                .replace((/\\{\\{env\\.(\\w+?)\\}\\}/g), function (match0, match1) {","                    // jslint-hack","                    String(match0);","                    switch (match1) {","                    case 'npm_package_description':","                        return 'the greatest app in the world!';","                    case 'npm_package_name':","                        return 'my-app';","                    case 'npm_package_nameAlias':","                        return 'my_app';","                    case 'npm_package_version':","                        return '0.0.1';","                    }","                });","        }","        // run the cli","        if (local.global.utility2_rollup || module !== require.main) {","            break;","        }","        local.assetsDict['/assets.example.js'] =","            local.assetsDict['/assets.example.js'] ||","            local.fs.readFileSync(__filename, 'utf8');","        // bug-workaround - long $npm_package_buildCustomOrg","        /* jslint-ignore-begin */","        local.assetsDict['/assets.npmtest_blueimp_load_image.rollup.js'] =","            local.assetsDict['/assets.npmtest_blueimp_load_image.rollup.js'] ||","            local.fs.readFileSync(","                local.npmtest_blueimp_load_image.__dirname + '/lib.npmtest_blueimp_load_image.js',","                'utf8'","            ).replace((/^#!/), '//');","        /* jslint-ignore-end */","        local.assetsDict['/favicon.ico'] = local.assetsDict['/favicon.ico'] || '';","        // if $npm_config_timeout_exit exists,","        // then exit this process after $npm_config_timeout_exit ms","        if (Number(process.env.npm_config_timeout_exit)) {","            setTimeout(process.exit, Number(process.env.npm_config_timeout_exit));","        }","        // start server","        if (local.global.utility2_serverHttp1) {","            break;","        }","        process.env.PORT = process.env.PORT || '8081';","        console.error('server starting on port ' + process.env.PORT);","        local.http.createServer(function (request, response) {","            request.urlParsed = local.url.parse(request.url);","            if (local.assetsDict[request.urlParsed.pathname] !== undefined) {","                response.end(local.assetsDict[request.urlParsed.pathname]);","                return;","            }","            response.statusCode = 404;","            response.end();","        }).listen(process.env.PORT);","        break;","    }","}());",""],"l":{"26":2,"28":2,"33":2,"35":2,"37":2,"38":2,"39":2,"44":1,"51":2,"55":2,"59":2,"61":2,"69":1,"70":2,"76":2,"79":2,"82":2,"83":2,"85":1,"89":2,"92":1,"93":1,"94":1,"96":1,"97":1,"100":1,"101":1,"103":1,"106":1,"108":2,"114":1,"116":1,"118":1,"123":1,"124":2,"125":2,"126":3,"127":3,"128":3,"129":3,"130":1,"133":3,"134":3,"139":3,"143":1,"144":3,"145":1,"149":1,"150":1,"158":1,"160":1,"161":1,"162":1,"164":1,"166":1,"258":1,"259":1,"271":1,"274":6,"275":6,"277":1,"279":2,"281":1,"283":2,"288":1,"289":1,"291":1,"296":1,"303":1,"306":1,"307":1,"310":1,"311":1,"313":1,"314":1,"315":1,"316":1,"317":1,"318":1,"319":1,"321":1,"322":1,"324":1}},"/home/travis/build/npmtest/node-npmtest-blueimp-load-image/node_modules/blueimp-load-image/js/index.js":{"path":"/home/travis/build/npmtest/node-npmtest-blueimp-load-image/node_modules/blueimp-load-image/js/index.js","s":{"1":2,"2":0,"3":0,"4":0,"5":0,"6":0,"7":0},"b":{},"f":{},"fnMap":{},"statementMap":{"1":{"start":{"line":1,"column":0},"end":{"line":1,"column":40}},"2":{"start":{"line":3,"column":0},"end":{"line":3,"column":29}},"3":{"start":{"line":4,"column":0},"end":{"line":4,"column":28}},"4":{"start":{"line":5,"column":0},"end":{"line":5,"column":29}},"5":{"start":{"line":6,"column":0},"end":{"line":6,"column":28}},"6":{"start":{"line":7,"column":0},"end":{"line":7,"column":32}},"7":{"start":{"line":8,"column":0},"end":{"line":8,"column":35}}},"branchMap":{},"code":["module.exports = require('./load-image')","","require('./load-image-scale')","require('./load-image-meta')","require('./load-image-fetch')","require('./load-image-exif')","require('./load-image-exif-map')","require('./load-image-orientation')",""],"l":{"1":2,"3":0,"4":0,"5":0,"6":0,"7":0,"8":0}},"/home/travis/build/npmtest/node-npmtest-blueimp-load-image/node_modules/blueimp-load-image/js/load-image.js":{"path":"/home/travis/build/npmtest/node-npmtest-blueimp-load-image/node_modules/blueimp-load-image/js/load-image.js","s":{"1":16,"2":1,"3":0,"4":0,"5":0,"6":0,"7":0,"8":0,"9":0,"10":0,"11":0,"12":0,"13":0,"14":0,"15":0,"16":0,"17":0,"18":0,"19":0,"20":0,"21":0,"22":0,"23":0,"24":0,"25":0,"26":0,"27":0,"28":0,"29":0,"30":0,"31":1,"32":0,"33":0,"34":0,"35":0,"36":0,"37":0,"38":0,"39":0,"40":0,"41":0,"42":0,"43":0,"44":0,"45":0,"46":0,"47":0,"48":0,"49":0,"50":0,"51":0,"52":0,"53":0,"54":0,"55":0,"56":0,"57":0,"58":0,"59":0,"60":0,"61":0,"62":0,"63":0,"64":0,"65":0,"66":0,"67":0},"b":{"1":[0,0],"2":[0,0],"3":[0,0],"4":[0,0],"5":[0,0],"6":[0,0],"7":[0,0],"8":[0,0],"9":[0,0],"10":[0,0],"11":[0,0,0,0,0,0,0],"12":[0,0],"13":[0,0],"14":[0,0],"15":[0,0],"16":[0,0],"17":[0,0],"18":[0,0],"19":[0,0],"20":[0,0],"21":[0,0],"22":[0,0],"23":[0,0],"24":[0,0],"25":[0,0]},"f":{"1":0,"2":0,"3":0,"4":0,"5":0,"6":0,"7":0,"8":0,"9":0,"10":0,"11":0,"12":0,"13":0,"14":0,"15":0,"16":0},"fnMap":{"1":{"name":"(anonymous_1)","line":14,"loc":{"start":{"line":14,"column":2},"end":{"line":14,"column":15}}},"2":{"name":"loadImage","line":20,"loc":{"start":{"line":20,"column":2},"end":{"line":20,"column":47}}},"3":{"name":"(anonymous_3)","line":23,"loc":{"start":{"line":23,"column":18},"end":{"line":23,"column":35}}},"4":{"name":"(anonymous_4)","line":26,"loc":{"start":{"line":26,"column":17},"end":{"line":26,"column":34}}},"5":{"name":"(anonymous_5)","line":30,"loc":{"start":{"line":30,"column":32},"end":{"line":30,"column":48}}},"6":{"name":"(anonymous_6)","line":52,"loc":{"start":{"line":52,"column":38},"end":{"line":52,"column":51}}},"7":{"name":"revokeHelper","line":68,"loc":{"start":{"line":68,"column":2},"end":{"line":68,"column":39}}},"8":{"name":"(anonymous_8)","line":78,"loc":{"start":{"line":78,"column":24},"end":{"line":78,"column":58}}},"9":{"name":"(anonymous_9)","line":82,"loc":{"start":{"line":82,"column":27},"end":{"line":82,"column":48}}},"10":{"name":"(anonymous_10)","line":87,"loc":{"start":{"line":87,"column":24},"end":{"line":87,"column":70}}},"11":{"name":"(anonymous_11)","line":91,"loc":{"start":{"line":91,"column":22},"end":{"line":91,"column":69}}},"12":{"name":"(anonymous_12)","line":98,"loc":{"start":{"line":98,"column":21},"end":{"line":98,"column":68}}},"13":{"name":"(anonymous_13)","line":105,"loc":{"start":{"line":105,"column":30},"end":{"line":105,"column":46}}},"14":{"name":"(anonymous_14)","line":109,"loc":{"start":{"line":109,"column":30},"end":{"line":109,"column":45}}},"15":{"name":"(anonymous_15)","line":116,"loc":{"start":{"line":116,"column":23},"end":{"line":116,"column":57}}},"16":{"name":"(anonymous_16)","line":130,"loc":{"start":{"line":130,"column":11},"end":{"line":130,"column":23}}}},"statementMap":{"1":{"start":{"line":14,"column":1},"end":{"line":138,"column":10}},"2":{"start":{"line":20,"column":2},"end":{"line":61,"column":3}},"3":{"start":{"line":21,"column":4},"end":{"line":21,"column":43}},"4":{"start":{"line":22,"column":4},"end":{"line":22,"column":11}},"5":{"start":{"line":23,"column":4},"end":{"line":25,"column":5}},"6":{"start":{"line":24,"column":6},"end":{"line":24,"column":67}},"7":{"start":{"line":26,"column":4},"end":{"line":28,"column":5}},"8":{"start":{"line":27,"column":6},"end":{"line":27,"column":66}},"9":{"start":{"line":29,"column":4},"end":{"line":60,"column":5}},"10":{"start":{"line":30,"column":6},"end":{"line":41,"column":17}},"11":{"start":{"line":31,"column":8},"end":{"line":39,"column":9}},"12":{"start":{"line":32,"column":10},"end":{"line":32,"column":21}},"13":{"start":{"line":33,"column":10},"end":{"line":33,"column":47}},"14":{"start":{"line":35,"column":10},"end":{"line":35,"column":20}},"15":{"start":{"line":36,"column":10},"end":{"line":38,"column":11}},"16":{"start":{"line":37,"column":12},"end":{"line":37,"column":49}},"17":{"start":{"line":40,"column":8},"end":{"line":40,"column":21}},"18":{"start":{"line":42,"column":6},"end":{"line":42,"column":16}},"19":{"start":{"line":43,"column":11},"end":{"line":60,"column":5}},"20":{"start":{"line":47,"column":6},"end":{"line":47,"column":60}},"21":{"start":{"line":48,"column":6},"end":{"line":51,"column":7}},"22":{"start":{"line":49,"column":8},"end":{"line":49,"column":21}},"23":{"start":{"line":50,"column":8},"end":{"line":50,"column":18}},"24":{"start":{"line":52,"column":6},"end":{"line":59,"column":8}},"25":{"start":{"line":53,"column":8},"end":{"line":53,"column":29}},"26":{"start":{"line":54,"column":8},"end":{"line":58,"column":9}},"27":{"start":{"line":55,"column":10},"end":{"line":55,"column":33}},"28":{"start":{"line":56,"column":15},"end":{"line":58,"column":9}},"29":{"start":{"line":57,"column":10},"end":{"line":57,"column":21}},"30":{"start":{"line":64,"column":2},"end":{"line":66,"column":47}},"31":{"start":{"line":68,"column":2},"end":{"line":73,"column":3}},"32":{"start":{"line":69,"column":4},"end":{"line":72,"column":5}},"33":{"start":{"line":70,"column":6},"end":{"line":70,"column":47}},"34":{"start":{"line":71,"column":6},"end":{"line":71,"column":27}},"35":{"start":{"line":78,"column":2},"end":{"line":80,"column":3}},"36":{"start":{"line":79,"column":4},"end":{"line":79,"column":14}},"37":{"start":{"line":82,"column":2},"end":{"line":85,"column":3}},"38":{"start":{"line":84,"column":4},"end":{"line":84,"column":74}},"39":{"start":{"line":87,"column":2},"end":{"line":89,"column":3}},"40":{"start":{"line":88,"column":4},"end":{"line":88,"column":23}},"41":{"start":{"line":91,"column":2},"end":{"line":96,"column":3}},"42":{"start":{"line":92,"column":4},"end":{"line":92,"column":30}},"43":{"start":{"line":93,"column":4},"end":{"line":95,"column":5}},"44":{"start":{"line":94,"column":6},"end":{"line":94,"column":31}},"45":{"start":{"line":98,"column":2},"end":{"line":103,"column":3}},"46":{"start":{"line":99,"column":4},"end":{"line":99,"column":30}},"47":{"start":{"line":100,"column":4},"end":{"line":102,"column":5}},"48":{"start":{"line":101,"column":6},"end":{"line":101,"column":59}},"49":{"start":{"line":105,"column":2},"end":{"line":107,"column":3}},"50":{"start":{"line":106,"column":4},"end":{"line":106,"column":56}},"51":{"start":{"line":109,"column":2},"end":{"line":111,"column":3}},"52":{"start":{"line":110,"column":4},"end":{"line":110,"column":55}},"53":{"start":{"line":116,"column":2},"end":{"line":127,"column":3}},"54":{"start":{"line":117,"column":4},"end":{"line":125,"column":5}},"55":{"start":{"line":118,"column":6},"end":{"line":118,"column":39}},"56":{"start":{"line":119,"column":6},"end":{"line":119,"column":55}},"57":{"start":{"line":120,"column":6},"end":{"line":120,"column":40}},"58":{"start":{"line":121,"column":6},"end":{"line":124,"column":7}},"59":{"start":{"line":122,"column":8},"end":{"line":122,"column":32}},"60":{"start":{"line":123,"column":8},"end":{"line":123,"column":25}},"61":{"start":{"line":126,"column":4},"end":{"line":126,"column":16}},"62":{"start":{"line":129,"column":2},"end":{"line":137,"column":3}},"63":{"start":{"line":130,"column":4},"end":{"line":132,"column":6}},"64":{"start":{"line":131,"column":6},"end":{"line":131,"column":22}},"65":{"start":{"line":133,"column":9},"end":{"line":137,"column":3}},"66":{"start":{"line":134,"column":4},"end":{"line":134,"column":30}},"67":{"start":{"line":136,"column":4},"end":{"line":136,"column":27}}},"branchMap":{"1":{"line":29,"type":"if","locations":[{"start":{"line":29,"column":4},"end":{"line":29,"column":4}},{"start":{"line":29,"column":4},"end":{"line":29,"column":4}}]},"2":{"line":31,"type":"if","locations":[{"start":{"line":31,"column":8},"end":{"line":31,"column":8}},{"start":{"line":31,"column":8},"end":{"line":31,"column":8}}]},"3":{"line":36,"type":"if","locations":[{"start":{"line":36,"column":10},"end":{"line":36,"column":10}},{"start":{"line":36,"column":10},"end":{"line":36,"column":10}}]},"4":{"line":36,"type":"binary-expr","locations":[{"start":{"line":36,"column":14},"end":{"line":36,"column":21}},{"start":{"line":36,"column":25},"end":{"line":36,"column":44}}]},"5":{"line":43,"type":"if","locations":[{"start":{"line":43,"column":11},"end":{"line":43,"column":11}},{"start":{"line":43,"column":11},"end":{"line":43,"column":11}}]},"6":{"line":43,"type":"binary-expr","locations":[{"start":{"line":43,"column":15},"end":{"line":43,"column":51}},{"start":{"line":46,"column":8},"end":{"line":46,"column":44}}]},"7":{"line":48,"type":"if","locations":[{"start":{"line":48,"column":6},"end":{"line":48,"column":6}},{"start":{"line":48,"column":6},"end":{"line":48,"column":6}}]},"8":{"line":54,"type":"if","locations":[{"start":{"line":54,"column":8},"end":{"line":54,"column":8}},{"start":{"line":54,"column":8},"end":{"line":54,"column":8}}]},"9":{"line":54,"type":"binary-expr","locations":[{"start":{"line":54,"column":12},"end":{"line":54,"column":18}},{"start":{"line":54,"column":22},"end":{"line":54,"column":35}}]},"10":{"line":56,"type":"if","locations":[{"start":{"line":56,"column":15},"end":{"line":56,"column":15}},{"start":{"line":56,"column":15},"end":{"line":56,"column":15}}]},"11":{"line":64,"type":"binary-expr","locations":[{"start":{"line":64,"column":16},"end":{"line":64,"column":38}},{"start":{"line":64,"column":42},"end":{"line":64,"column":48}},{"start":{"line":65,"column":17},"end":{"line":65,"column":27}},{"start":{"line":65,"column":31},"end":{"line":65,"column":50}},{"start":{"line":65,"column":54},"end":{"line":65,"column":57}},{"start":{"line":66,"column":17},"end":{"line":66,"column":33}},{"start":{"line":66,"column":37},"end":{"line":66,"column":46}}]},"12":{"line":69,"type":"if","locations":[{"start":{"line":69,"column":4},"end":{"line":69,"column":4}},{"start":{"line":69,"column":4},"end":{"line":69,"column":4}}]},"13":{"line":69,"type":"binary-expr","locations":[{"start":{"line":69,"column":8},"end":{"line":69,"column":22}},{"start":{"line":69,"column":26},"end":{"line":69,"column":56}}]},"14":{"line":69,"type":"binary-expr","locations":[{"start":{"line":69,"column":28},"end":{"line":69,"column":35}},{"start":{"line":69,"column":39},"end":{"line":69,"column":55}}]},"15":{"line":93,"type":"if","locations":[{"start":{"line":93,"column":4},"end":{"line":93,"column":4}},{"start":{"line":93,"column":4},"end":{"line":93,"column":4}}]},"16":{"line":100,"type":"if","locations":[{"start":{"line":100,"column":4},"end":{"line":100,"column":4}},{"start":{"line":100,"column":4},"end":{"line":100,"column":4}}]},"17":{"line":106,"type":"cond-expr","locations":[{"start":{"line":106,"column":20},"end":{"line":106,"column":48}},{"start":{"line":106,"column":51},"end":{"line":106,"column":56}}]},"18":{"line":110,"type":"cond-expr","locations":[{"start":{"line":110,"column":20},"end":{"line":110,"column":47}},{"start":{"line":110,"column":50},"end":{"line":110,"column":55}}]},"19":{"line":117,"type":"if","locations":[{"start":{"line":117,"column":4},"end":{"line":117,"column":4}},{"start":{"line":117,"column":4},"end":{"line":117,"column":4}}]},"20":{"line":120,"type":"binary-expr","locations":[{"start":{"line":120,"column":15},"end":{"line":120,"column":21}},{"start":{"line":120,"column":25},"end":{"line":120,"column":40}}]},"21":{"line":121,"type":"if","locations":[{"start":{"line":121,"column":6},"end":{"line":121,"column":6}},{"start":{"line":121,"column":6},"end":{"line":121,"column":6}}]},"22":{"line":129,"type":"if","locations":[{"start":{"line":129,"column":2},"end":{"line":129,"column":2}},{"start":{"line":129,"column":2},"end":{"line":129,"column":2}}]},"23":{"line":129,"type":"binary-expr","locations":[{"start":{"line":129,"column":6},"end":{"line":129,"column":34}},{"start":{"line":129,"column":38},"end":{"line":129,"column":48}}]},"24":{"line":133,"type":"if","locations":[{"start":{"line":133,"column":9},"end":{"line":133,"column":9}},{"start":{"line":133,"column":9},"end":{"line":133,"column":9}}]},"25":{"line":133,"type":"binary-expr","locations":[{"start":{"line":133,"column":13},"end":{"line":133,"column":39}},{"start":{"line":133,"column":43},"end":{"line":133,"column":57}}]}},"code":["/*"," * JavaScript Load Image"," * https://github.com/blueimp/JavaScript-Load-Image"," *"," * Copyright 2011, Sebastian Tschan"," * https://blueimp.net"," *"," * Licensed under the MIT license:"," * https://opensource.org/licenses/MIT"," */","","/* global define, URL, webkitURL, FileReader */","",";(function ($) {","  'use strict'","","  // Loads an image for a given File object.","  // Invokes the callback with an img or optional canvas","  // element (if supported by the browser) as parameter:","  function loadImage (file, callback, options) {","    var img = document.createElement('img')","    var url","    img.onerror = function (event) {","      return loadImage.onerror(img, event, file, callback, options)","    }","    img.onload = function (event) {","      return loadImage.onload(img, event, file, callback, options)","    }","    if (typeof file === 'string') {","      loadImage.fetchBlob(file, function (blob) {","        if (blob) {","          file = blob","          url = loadImage.createObjectURL(file)","        } else {","          url = file","          if (options && options.crossOrigin) {","            img.crossOrigin = options.crossOrigin","          }","        }","        img.src = url","      }, options)","      return img","    } else if (loadImage.isInstanceOf('Blob', file) ||","        // Files are also Blob instances, but some browsers","        // (Firefox 3.6) support the File API but not Blobs:","        loadImage.isInstanceOf('File', file)) {","      url = img._objectURL = loadImage.createObjectURL(file)","      if (url) {","        img.src = url","        return img","      }","      return loadImage.readFile(file, function (e) {","        var target = e.target","        if (target && target.result) {","          img.src = target.result","        } else if (callback) {","          callback(e)","        }","      })","    }","  }","  // The check for URL.revokeObjectURL fixes an issue with Opera 12,","  // which provides URL.createObjectURL but doesn't properly implement it:","  var urlAPI = (window.createObjectURL && window) ||","                (window.URL && URL.revokeObjectURL && URL) ||","                (window.webkitURL && webkitURL)","","  function revokeHelper (img, options) {","    if (img._objectURL && !(options && options.noRevoke)) {","      loadImage.revokeObjectURL(img._objectURL)","      delete img._objectURL","    }","  }","","  // If the callback given to this function returns a blob, it is used as image","  // source instead of the original url and overrides the file argument used in","  // the onload and onerror event callbacks:","  loadImage.fetchBlob = function (url, callback, options) {","    callback()","  }","","  loadImage.isInstanceOf = function (type, obj) {","    // Cross-frame instanceof check","    return Object.prototype.toString.call(obj) === '[object ' + type + ']'","  }","","  loadImage.transform = function (img, options, callback, file, data) {","    callback(img, data)","  }","","  loadImage.onerror = function (img, event, file, callback, options) {","    revokeHelper(img, options)","    if (callback) {","      callback.call(img, event)","    }","  }","","  loadImage.onload = function (img, event, file, callback, options) {","    revokeHelper(img, options)","    if (callback) {","      loadImage.transform(img, options, callback, file, {})","    }","  }","","  loadImage.createObjectURL = function (file) {","    return urlAPI ? urlAPI.createObjectURL(file) : false","  }","","  loadImage.revokeObjectURL = function (url) {","    return urlAPI ? urlAPI.revokeObjectURL(url) : false","  }","","  // Loads a given File object via FileReader interface,","  // invokes the callback with the event object (load or error).","  // The result can be read via event.target.result:","  loadImage.readFile = function (file, callback, method) {","    if (window.FileReader) {","      var fileReader = new FileReader()","      fileReader.onload = fileReader.onerror = callback","      method = method || 'readAsDataURL'","      if (fileReader[method]) {","        fileReader[method](file)","        return fileReader","      }","    }","    return false","  }","","  if (typeof define === 'function' && define.amd) {","    define(function () {","      return loadImage","    })","  } else if (typeof module === 'object' && module.exports) {","    module.exports = loadImage","  } else {","    $.loadImage = loadImage","  }","}(window))",""],"l":{"14":16,"20":1,"21":0,"22":0,"23":0,"24":0,"26":0,"27":0,"29":0,"30":0,"31":0,"32":0,"33":0,"35":0,"36":0,"37":0,"40":0,"42":0,"43":0,"47":0,"48":0,"49":0,"50":0,"52":0,"53":0,"54":0,"55":0,"56":0,"57":0,"64":0,"68":1,"69":0,"70":0,"71":0,"78":0,"79":0,"82":0,"84":0,"87":0,"88":0,"91":0,"92":0,"93":0,"94":0,"98":0,"99":0,"100":0,"101":0,"105":0,"106":0,"109":0,"110":0,"116":0,"117":0,"118":0,"119":0,"120":0,"121":0,"122":0,"123":0,"126":0,"129":0,"130":0,"131":0,"133":0,"134":0,"136":0}},"/home/travis/build/npmtest/node-npmtest-blueimp-load-image/node_modules/blueimp-load-image/js/load-image-exif.js":{"path":"/home/travis/build/npmtest/node-npmtest-blueimp-load-image/node_modules/blueimp-load-image/js/load-image-exif.js","s":{"1":2,"2":2,"3":0,"4":2,"5":2,"6":0,"7":0,"8":0,"9":0,"10":0,"11":0,"12":0,"13":0,"14":0,"15":0,"16":0,"17":0,"18":0,"19":0,"20":0,"21":0,"22":0,"23":0,"24":0,"25":0,"26":0,"27":0,"28":0,"29":0,"30":0,"31":0,"32":0,"33":0,"34":0,"35":0,"36":0,"37":0,"38":0,"39":0,"40":0,"41":0,"42":0,"43":0,"44":0,"45":0,"46":0,"47":0,"48":0,"49":0,"50":0,"51":0,"52":0,"53":0,"54":0,"55":0,"56":0,"57":0,"58":0,"59":0,"60":0,"61":0,"62":0,"63":0,"64":0,"65":0,"66":0,"67":0,"68":0,"69":0,"70":0,"71":0,"72":0,"73":0,"74":0,"75":0,"76":0,"77":0,"78":0,"79":0,"80":0,"81":0,"82":0,"83":0,"84":0,"85":0,"86":0,"87":0,"88":0,"89":0,"90":0,"91":0,"92":0,"93":0,"94":0,"95":0,"96":0,"97":0,"98":0,"99":0,"100":0,"101":0,"102":0,"103":0,"104":0,"105":0,"106":0,"107":0,"108":0,"109":0,"110":0,"111":0,"112":0,"113":0,"114":0},"b":{"1":[0,2],"2":[2,0],"3":[2,0],"4":[2,2],"5":[0,0],"6":[0,0],"7":[0,0],"8":[0,0],"9":[0,0],"10":[0,0],"11":[0,0],"12":[0,0],"13":[0,0],"14":[0,0],"15":[0,0],"16":[0,0],"17":[0,0],"18":[0,0],"19":[0,0],"20":[0,0],"21":[0,0,0],"22":[0,0],"23":[0,0],"24":[0,0],"25":[0,0],"26":[0,0],"27":[0,0],"28":[0,0],"29":[0,0]},"f":{"1":2,"2":0,"3":0,"4":0,"5":0,"6":0,"7":0,"8":0,"9":0,"10":0,"11":0,"12":0,"13":0,"14":0,"15":0,"16":0},"fnMap":{"1":{"name":"(anonymous_1)","line":14,"loc":{"start":{"line":14,"column":2},"end":{"line":14,"column":21}}},"2":{"name":"(anonymous_2)","line":25,"loc":{"start":{"line":25,"column":2},"end":{"line":25,"column":23}}},"3":{"name":"(anonymous_3)","line":28,"loc":{"start":{"line":28,"column":22},"end":{"line":28,"column":34}}},"4":{"name":"(anonymous_4)","line":36,"loc":{"start":{"line":36,"column":36},"end":{"line":36,"column":50}}},"5":{"name":"(anonymous_5)","line":40,"loc":{"start":{"line":40,"column":31},"end":{"line":40,"column":67}}},"6":{"name":"(anonymous_6)","line":59,"loc":{"start":{"line":59,"column":16},"end":{"line":59,"column":48}}},"7":{"name":"(anonymous_7)","line":66,"loc":{"start":{"line":66,"column":16},"end":{"line":66,"column":48}}},"8":{"name":"(anonymous_8)","line":74,"loc":{"start":{"line":74,"column":16},"end":{"line":74,"column":62}}},"9":{"name":"(anonymous_9)","line":81,"loc":{"start":{"line":81,"column":16},"end":{"line":81,"column":62}}},"10":{"name":"(anonymous_10)","line":88,"loc":{"start":{"line":88,"column":16},"end":{"line":88,"column":62}}},"11":{"name":"(anonymous_11)","line":96,"loc":{"start":{"line":96,"column":16},"end":{"line":96,"column":62}}},"12":{"name":"(anonymous_12)","line":103,"loc":{"start":{"line":103,"column":16},"end":{"line":103,"column":62}}},"13":{"name":"(anonymous_13)","line":113,"loc":{"start":{"line":113,"column":27},"end":{"line":113,"column":95}}},"14":{"name":"(anonymous_14)","line":158,"loc":{"start":{"line":158,"column":27},"end":{"line":158,"column":87}}},"15":{"name":"(anonymous_15)","line":170,"loc":{"start":{"line":170,"column":28},"end":{"line":170,"column":91}}},"16":{"name":"(anonymous_16)","line":197,"loc":{"start":{"line":197,"column":28},"end":{"line":197,"column":79}}}},"statementMap":{"1":{"start":{"line":14,"column":1},"end":{"line":300,"column":3}},"2":{"start":{"line":16,"column":2},"end":{"line":24,"column":3}},"3":{"start":{"line":18,"column":4},"end":{"line":18,"column":58}},"4":{"start":{"line":19,"column":9},"end":{"line":24,"column":3}},"5":{"start":{"line":20,"column":4},"end":{"line":20,"column":66}},"6":{"start":{"line":23,"column":4},"end":{"line":23,"column":29}},"7":{"start":{"line":28,"column":2},"end":{"line":30,"column":3}},"8":{"start":{"line":29,"column":4},"end":{"line":29,"column":15}},"9":{"start":{"line":32,"column":2},"end":{"line":34,"column":3}},"10":{"start":{"line":36,"column":2},"end":{"line":38,"column":3}},"11":{"start":{"line":37,"column":4},"end":{"line":37,"column":41}},"12":{"start":{"line":40,"column":2},"end":{"line":54,"column":3}},"13":{"start":{"line":41,"column":4},"end":{"line":43,"column":7}},"14":{"start":{"line":44,"column":4},"end":{"line":47,"column":5}},"15":{"start":{"line":45,"column":6},"end":{"line":45,"column":63}},"16":{"start":{"line":46,"column":6},"end":{"line":46,"column":12}},"17":{"start":{"line":48,"column":4},"end":{"line":48,"column":16}},"18":{"start":{"line":49,"column":4},"end":{"line":52,"column":5}},"19":{"start":{"line":50,"column":6},"end":{"line":50,"column":39}},"20":{"start":{"line":51,"column":6},"end":{"line":51,"column":56}},"21":{"start":{"line":53,"column":4},"end":{"line":53,"column":50}},"22":{"start":{"line":56,"column":2},"end":{"line":109,"column":3}},"23":{"start":{"line":60,"column":8},"end":{"line":60,"column":44}},"24":{"start":{"line":67,"column":8},"end":{"line":67,"column":65}},"25":{"start":{"line":75,"column":8},"end":{"line":75,"column":59}},"26":{"start":{"line":82,"column":8},"end":{"line":82,"column":59}},"27":{"start":{"line":89,"column":8},"end":{"line":90,"column":56}},"28":{"start":{"line":97,"column":8},"end":{"line":97,"column":58}},"29":{"start":{"line":104,"column":8},"end":{"line":105,"column":55}},"30":{"start":{"line":111,"column":2},"end":{"line":111,"column":55}},"31":{"start":{"line":113,"column":2},"end":{"line":156,"column":3}},"32":{"start":{"line":114,"column":4},"end":{"line":114,"column":46}},"33":{"start":{"line":115,"column":4},"end":{"line":115,"column":15}},"34":{"start":{"line":116,"column":4},"end":{"line":116,"column":18}},"35":{"start":{"line":117,"column":4},"end":{"line":117,"column":14}},"36":{"start":{"line":118,"column":4},"end":{"line":118,"column":9}},"37":{"start":{"line":119,"column":4},"end":{"line":119,"column":11}},"38":{"start":{"line":120,"column":4},"end":{"line":120,"column":9}},"39":{"start":{"line":121,"column":4},"end":{"line":124,"column":5}},"40":{"start":{"line":122,"column":6},"end":{"line":122,"column":57}},"41":{"start":{"line":123,"column":6},"end":{"line":123,"column":12}},"42":{"start":{"line":125,"column":4},"end":{"line":125,"column":35}},"43":{"start":{"line":128,"column":4},"end":{"line":130,"column":20}},"44":{"start":{"line":131,"column":4},"end":{"line":134,"column":5}},"45":{"start":{"line":132,"column":6},"end":{"line":132,"column":60}},"46":{"start":{"line":133,"column":6},"end":{"line":133,"column":12}},"47":{"start":{"line":135,"column":4},"end":{"line":137,"column":5}},"48":{"start":{"line":136,"column":6},"end":{"line":136,"column":65}},"49":{"start":{"line":138,"column":4},"end":{"line":138,"column":15}},"50":{"start":{"line":139,"column":4},"end":{"line":141,"column":5}},"51":{"start":{"line":140,"column":6},"end":{"line":140,"column":89}},"52":{"start":{"line":142,"column":4},"end":{"line":154,"column":5}},"53":{"start":{"line":143,"column":6},"end":{"line":143,"column":14}},"54":{"start":{"line":145,"column":6},"end":{"line":152,"column":7}},"55":{"start":{"line":146,"column":8},"end":{"line":146,"column":21}},"56":{"start":{"line":148,"column":8},"end":{"line":150,"column":9}},"57":{"start":{"line":149,"column":10},"end":{"line":149,"column":15}},"58":{"start":{"line":151,"column":8},"end":{"line":151,"column":16}},"59":{"start":{"line":153,"column":6},"end":{"line":153,"column":16}},"60":{"start":{"line":155,"column":4},"end":{"line":155,"column":17}},"61":{"start":{"line":158,"column":2},"end":{"line":168,"column":3}},"62":{"start":{"line":159,"column":4},"end":{"line":159,"column":54}},"63":{"start":{"line":160,"column":4},"end":{"line":167,"column":5}},"64":{"start":{"line":170,"column":2},"end":{"line":195,"column":3}},"65":{"start":{"line":171,"column":4},"end":{"line":173,"column":7}},"66":{"start":{"line":174,"column":4},"end":{"line":177,"column":5}},"67":{"start":{"line":175,"column":6},"end":{"line":175,"column":65}},"68":{"start":{"line":176,"column":6},"end":{"line":176,"column":12}},"69":{"start":{"line":178,"column":4},"end":{"line":178,"column":60}},"70":{"start":{"line":179,"column":4},"end":{"line":179,"column":50}},"71":{"start":{"line":180,"column":4},"end":{"line":183,"column":5}},"72":{"start":{"line":181,"column":6},"end":{"line":181,"column":63}},"73":{"start":{"line":182,"column":6},"end":{"line":182,"column":12}},"74":{"start":{"line":184,"column":4},"end":{"line":192,"column":5}},"75":{"start":{"line":185,"column":6},"end":{"line":191,"column":7}},"76":{"start":{"line":194,"column":4},"end":{"line":194,"column":57}},"77":{"start":{"line":197,"column":2},"end":{"line":287,"column":3}},"78":{"start":{"line":198,"column":4},"end":{"line":200,"column":5}},"79":{"start":{"line":199,"column":6},"end":{"line":199,"column":12}},"80":{"start":{"line":201,"column":4},"end":{"line":201,"column":32}},"81":{"start":{"line":202,"column":4},"end":{"line":202,"column":20}},"82":{"start":{"line":203,"column":4},"end":{"line":203,"column":17}},"83":{"start":{"line":204,"column":4},"end":{"line":204,"column":21}},"84":{"start":{"line":206,"column":4},"end":{"line":209,"column":5}},"85":{"start":{"line":208,"column":6},"end":{"line":208,"column":12}},"86":{"start":{"line":210,"column":4},"end":{"line":213,"column":5}},"87":{"start":{"line":211,"column":6},"end":{"line":211,"column":61}},"88":{"start":{"line":212,"column":6},"end":{"line":212,"column":12}},"89":{"start":{"line":215,"column":4},"end":{"line":218,"column":5}},"90":{"start":{"line":216,"column":6},"end":{"line":216,"column":70}},"91":{"start":{"line":217,"column":6},"end":{"line":217,"column":12}},"92":{"start":{"line":220,"column":4},"end":{"line":230,"column":5}},"93":{"start":{"line":222,"column":8},"end":{"line":222,"column":27}},"94":{"start":{"line":223,"column":8},"end":{"line":223,"column":13}},"95":{"start":{"line":225,"column":8},"end":{"line":225,"column":28}},"96":{"start":{"line":226,"column":8},"end":{"line":226,"column":13}},"97":{"start":{"line":228,"column":8},"end":{"line":228,"column":72}},"98":{"start":{"line":229,"column":8},"end":{"line":229,"column":14}},"99":{"start":{"line":232,"column":4},"end":{"line":235,"column":5}},"100":{"start":{"line":233,"column":6},"end":{"line":233,"column":60}},"101":{"start":{"line":234,"column":6},"end":{"line":234,"column":12}},"102":{"start":{"line":237,"column":4},"end":{"line":237,"column":64}},"103":{"start":{"line":239,"column":4},"end":{"line":239,"column":39}},"104":{"start":{"line":242,"column":4},"end":{"line":248,"column":5}},"105":{"start":{"line":249,"column":4},"end":{"line":266,"column":5}},"106":{"start":{"line":250,"column":6},"end":{"line":250,"column":32}},"107":{"start":{"line":251,"column":6},"end":{"line":257,"column":7}},"108":{"start":{"line":259,"column":6},"end":{"line":265,"column":7}},"109":{"start":{"line":260,"column":8},"end":{"line":264,"column":9}},"110":{"start":{"line":268,"column":4},"end":{"line":276,"column":5}},"111":{"start":{"line":269,"column":6},"end":{"line":275,"column":7}},"112":{"start":{"line":278,"column":4},"end":{"line":286,"column":5}},"113":{"start":{"line":279,"column":6},"end":{"line":285,"column":7}},"114":{"start":{"line":290,"column":2},"end":{"line":290,"column":70}}},"branchMap":{"1":{"line":16,"type":"if","locations":[{"start":{"line":16,"column":2},"end":{"line":16,"column":2}},{"start":{"line":16,"column":2},"end":{"line":16,"column":2}}]},"2":{"line":16,"type":"binary-expr","locations":[{"start":{"line":16,"column":6},"end":{"line":16,"column":34}},{"start":{"line":16,"column":38},"end":{"line":16,"column":48}}]},"3":{"line":19,"type":"if","locations":[{"start":{"line":19,"col
[...]
mn":8},"end":{"line":217,"column":32}},"114":{"start":{"line":218,"column":8},"end":{"line":218,"column":61}},"115":{"start":{"line":220,"column":6},"end":{"line":220,"column":51}},"116":{"start":{"line":221,"column":6},"end":{"line":258,"column":7}},"117":{"start":{"line":223,"column":8},"end":{"line":257,"column":9}},"118":{"start":{"line":224,"column":10},"end":{"line":224,"column":56}},"119":{"start":{"line":225,"column":10},"end":{"line":225,"column":58}},"120":{"start":{"line":226,"column":10},"end":{"line":237,"column":11}},"121":{"start":{"line":238,"column":10},"end":{"line":238,"column":21}},"122":{"start":{"line":239,"column":10},"end":{"line":239,"column":21}},"123":{"start":{"line":240,"column":10},"end":{"line":240,"column":36}},"124":{"start":{"line":241,"column":10},"end":{"line":241,"column":38}},"125":{"start":{"line":242,"column":10},"end":{"line":242,"column":48}},"126":{"start":{"line":243,"column":10},"end":{"line":243,"column":33}},"127":{"start":{"line":244,"column":10},"end":{"line":244,"column":35}},"128":{"start":{"line":245,"column":10},"end":{"line":256,"column":11}},"129":{"start":{"line":259,"column":6},"end":{"line":259,"column":30}},"130":{"start":{"line":260,"column":6},"end":{"line":260,"column":32}},"131":{"start":{"line":261,"column":6},"end":{"line":264,"column":7}},"132":{"start":{"line":265,"column":6},"end":{"line":276,"column":7}},"133":{"start":{"line":278,"column":4},"end":{"line":278,"column":25}},"134":{"start":{"line":279,"column":4},"end":{"line":279,"column":27}},"135":{"start":{"line":280,"column":4},"end":{"line":280,"column":14}}},"branchMap":{"1":{"line":16,"type":"if","locations":[{"start":{"line":16,"column":2},"end":{"line":16,"column":2}},{"start":{"line":16,"column":2},"end":{"line":16,"column":2}}]},"2":{"line":16,"type":"binary-expr","locations":[{"start":{"line":16,"column":6},"end":{"line":16,"column":34}},{"start":{"line":16,"column":38},"end":{"line":16,"column":48}}]},"3":{"line":19,"type":"if","locations":[{"start":{"line":19,"column":9},"end":{"line":19,"column":9}},{"start":{"line":19,"column":9},"end":{"line":19,"column":9}}]},"4":{"line":19,"type":"binary-expr","locations":[{"start":{"line":19,"column":13},"end":{"line":19,"column":39}},{"start":{"line":19,"column":43},"end":{"line":19,"column":57}}]},"5":{"line":57,"type":"if","locations":[{"start":{"line":57,"column":4},"end":{"line":57,"column":4}},{"start":{"line":57,"column":4},"end":{"line":57,"column":4}}]},"6":{"line":62,"type":"if","locations":[{"start":{"line":62,"column":6},"end":{"line":62,"column":6}},{"start":{"line":62,"column":6},"end":{"line":62,"column":6}}]},"7":{"line":67,"type":"binary-expr","locations":[{"start":{"line":67,"column":12},"end":{"line":67,"column":28}},{"start":{"line":67,"column":32},"end":{"line":67,"column":41}}]},"8":{"line":68,"type":"binary-expr","locations":[{"start":{"line":68,"column":13},"end":{"line":68,"column":30}},{"start":{"line":68,"column":34},"end":{"line":68,"column":44}}]},"9":{"line":69,"type":"if","locations":[{"start":{"line":69,"column":4},"end":{"line":69,"column":4}},{"start":{"line":69,"column":4},"end":{"line":69,"column":4}}]},"10":{"line":108,"type":"binary-expr","locations":[{"start":{"line":108,"column":11},"end":{"line":108,"column":25}},{"start":{"line":108,"column":29},"end":{"line":108,"column":41}},{"start":{"line":108,"column":45},"end":{"line":108,"column":66}}]},"11":{"line":117,"type":"binary-expr","locations":[{"start":{"line":117,"column":14},"end":{"line":117,"column":21}},{"start":{"line":117,"column":25},"end":{"line":117,"column":27}}]},"12":{"line":119,"type":"binary-expr","locations":[{"start":{"line":119,"column":20},"end":{"line":119,"column":34}},{"start":{"line":120,"column":21},"end":{"line":120,"column":55}},{"start":{"line":120,"column":59},"end":{"line":120,"column":76}}]},"13":{"line":121,"type":"binary-expr","locations":[{"start":{"line":121,"column":16},"end":{"line":121,"column":32}},{"start":{"line":121,"column":36},"end":{"line":121,"column":45}}]},"14":{"line":122,"type":"binary-expr","locations":[{"start":{"line":122,"column":17},"end":{"line":122,"column":34}},{"start":{"line":122,"column":38},"end":{"line":122,"column":48}}]},"15":{"line":138,"type":"binary-expr","locations":[{"start":{"line":138,"column":9},"end":{"line":138,"column":17}},{"start":{"line":138,"column":21},"end":{"line":138,"column":30}}]},"16":{"line":139,"type":"binary-expr","locations":[{"start":{"line":139,"column":9},"end":{"line":139,"column":18}},{"start":{"line":139,"column":22},"end":{"line":139,"column":32}}]},"17":{"line":141,"type":"if","locations":[{"start":{"line":141,"column":6},"end":{"line":141,"column":6}},{"start":{"line":141,"column":6},"end":{"line":141,"column":6}}]},"18":{"line":148,"type":"binary-expr","locations":[{"start":{"line":148,"column":9},"end":{"line":148,"column":17}},{"start":{"line":148,"column":21},"end":{"line":148,"column":30}}]},"19":{"line":149,"type":"binary-expr","locations":[{"start":{"line":149,"column":9},"end":{"line":149,"column":18}},{"start":{"line":149,"column":22},"end":{"line":149,"column":32}}]},"20":{"line":151,"type":"if","locations":[{"start":{"line":151,"column":6},"end":{"line":151,"column":6}},{"start":{"line":151,"column":6},"end":{"line":151,"column":6}}]},"21":{"line":156,"type":"if","locations":[{"start":{"line":156,"column":4},"end":{"line":156,"column":4}},{"start":{"line":156,"column":4},"end":{"line":156,"column":4}}]},"22":{"line":158,"type":"binary-expr","locations":[{"start":{"line":158,"column":16},"end":{"line":158,"column":28}},{"start":{"line":158,"column":32},"end":{"line":158,"column":33}}]},"23":{"line":159,"type":"binary-expr","locations":[{"start":{"line":159,"column":16},"end":{"line":159,"column":27}},{"start":{"line":159,"column":31},"end":{"line":159,"column":32}}]},"24":{"line":160,"type":"if","locations":[{"start":{"line":160,"column":6},"end":{"line":160,"column":6}},{"start":{"line":160,"column":6},"end":{"line":160,"column":6}}]},"25":{"line":162,"type":"if","locations":[{"start":{"line":162,"column":8},"end":{"line":162,"column":8}},{"start":{"line":162,"column":8},"end":{"line":162,"column":8}}]},"26":{"line":162,"type":"binary-expr","locations":[{"start":{"line":162,"column":12},"end":{"line":162,"column":39}},{"start":{"line":162,"column":43},"end":{"line":162,"column":69}}]},"27":{"line":166,"type":"binary-expr","locations":[{"start":{"line":166,"column":41},"end":{"line":166,"column":54}},{"start":{"line":166,"column":58},"end":{"line":166,"column":59}}]},"28":{"line":168,"type":"if","locations":[{"start":{"line":168,"column":6},"end":{"line":168,"column":6}},{"start":{"line":168,"column":6},"end":{"line":168,"column":6}}]},"29":{"line":170,"type":"if","locations":[{"start":{"line":170,"column":8},"end":{"line":170,"column":8}},{"start":{"line":170,"column":8},"end":{"line":170,"column":8}}]},"30":{"line":170,"type":"binary-expr","locations":[{"start":{"line":170,"column":12},"end":{"line":170,"column":40}},{"start":{"line":170,"column":44},"end":{"line":170,"column":69}}]},"31":{"line":174,"type":"binary-expr","locations":[{"start":{"line":174,"column":43},"end":{"line":174,"column":57}},{"start":{"line":174,"column":61},"end":{"line":174,"column":62}}]},"32":{"line":183,"type":"if","locations":[{"start":{"line":183,"column":4},"end":{"line":183,"column":4}},{"start":{"line":183,"column":4},"end":{"line":183,"column":4}}]},"33":{"line":183,"type":"binary-expr","locations":[{"start":{"line":183,"column":8},"end":{"line":183,"column":17}},{"start":{"line":183,"column":21},"end":{"line":183,"column":29}},{"start":{"line":183,"column":33},"end":{"line":183,"column":42}},{"start":{"line":183,"column":46},"end":{"line":183,"column":58}}]},"34":{"line":187,"type":"if","locations":[{"start":{"line":187,"column":6},"end":{"line":187,"column":6}},{"start":{"line":187,"column":6},"end":{"line":187,"column":6}}]},"35":{"line":189,"type":"if","locations":[{"start":{"line":189,"column":8},"end":{"line":189,"column":8}},{"start":{"line":189,"column":8},"end":{"line":189,"column":8}}]},"36":{"line":189,"type":"binary-expr","locations":[{"start":{"line":189,"column":12},"end":{"line":189,"column":37}},{"start":{"line":189,"column":41},"end":{"line":189,"column":69}}]},"37":{"line":192,"type":"if","locations":[{"start":{"line":192,"column":13},"end":{"line":192,"column":13}},{"start":{"line":192,"column":13},"end":{"line":192,"column":13}}]},"38":{"line":194,"type":"if","locations":[{"start":{"line":194,"column":8},"end":{"line":194,"column":8}},{"start":{"line":194,"column":8},"end":{"line":194,"column":8}}]},"39":{"line":194,"type":"binary-expr","locations":[{"start":{"line":194,"column":12},"end":{"line":194,"column":38}},{"start":{"line":194,"column":42},"end":{"line":194,"column":69}}]},"40":{"line":199,"type":"if","locations":[{"start":{"line":199,"column":6},"end":{"line":199,"column":6}},{"start":{"line":199,"column":6},"end":{"line":199,"column":6}}]},"41":{"line":199,"type":"binary-expr","locations":[{"start":{"line":199,"column":10},"end":{"line":199,"column":25}},{"start":{"line":199,"column":29},"end":{"line":199,"column":42}}]},"42":{"line":200,"type":"binary-expr","locations":[{"start":{"line":200,"column":30},"end":{"line":200,"column":38}},{"start":{"line":200,"column":42},"end":{"line":200,"column":50}}]},"43":{"line":201,"type":"binary-expr","locations":[{"start":{"line":201,"column":32},"end":{"line":201,"column":41}},{"start":{"line":201,"column":45},"end":{"line":201,"column":54}}]},"44":{"line":203,"type":"if","locations":[{"start":{"line":203,"column":6},"end":{"line":203,"column":6}},{"start":{"line":203,"column":6},"end":{"line":203,"column":6}}]},"45":{"line":211,"type":"if","locations":[{"start":{"line":211,"column":4},"end":{"line":211,"column":4}},{"start":{"line":211,"column":4},"end":{"line":211,"column":4}}]},"46":{"line":213,"type":"if","locations":[{"start":{"line":213,"column":6},"end":{"line":213,"column":6}},{"start":{"line":213,"column":6},"end":{"line":213,"column":6}}]},"47":{"line":221,"type":"if","locations":[{"start":{"line":221,"column":6},"end":{"line":221,"column":6}},{"start":{"line":221,"column":6},"end":{"line":221,"column":6}}]},"48":{"line":221,"type":"binary-expr","locations":[{"start":{"line":221,"column":10},"end":{"line":221,"column":31}},{"start":{"line":221,"column":35},"end":{"line":221,"column":56}},{"start":{"line":222,"column":12},"end":{"line":222,"column":35}},{"start":{"line":222,"column":39},"end":{"line":222,"column":64}}]}},"code":["/*"," * JavaScript Load Image Scaling"," * https://github.com/blueimp/JavaScript-Load-Image"," *"," * Copyright 2011, Sebastian Tschan"," * https://blueimp.net"," *"," * Licensed under the MIT license:"," * https://opensource.org/licenses/MIT"," */","","/* global define */","",";(function (factory) {","  'use strict'","  if (typeof define === 'function' && define.amd) {","    // Register as an anonymous AMD module:","    define(['./load-image'], factory)","  } else if (typeof module === 'object' && module.exports) {","    factory(require('./load-image'))","  } else {","    // Browser globals:","    factory(window.loadImage)","  }","}(function (loadImage) {","  'use strict'","","  var originalTransform = loadImage.transform","","  loadImage.transform = function (img, options, callback, file, data) {","    originalTransform.call(","      loadImage,","      loadImage.scale(img, options, data),","      options,","      callback,","      file,","      data","    )","  }","","  // Transform image coordinates, allows to override e.g.","  // the canvas orientation based on the orientation option,","  // gets canvas, options passed as arguments:","  loadImage.transformCoordinates = function () {","    return","  }","","  // Returns transformed options, allows to override e.g.","  // maxWidth, maxHeight and crop options based on the aspectRatio.","  // gets img, options passed as arguments:","  loadImage.getTransformedOptions = function (img, options) {","    var aspectRatio = options.aspectRatio","    var newOptions","    var i","    var width","    var height","    if (!aspectRatio) {","      return options","    }","    newOptions = {}","    for (i in options) {","      if (options.hasOwnProperty(i)) {","        newOptions[i] = options[i]","      }","    }","    newOptions.crop = true","    width = img.naturalWidth || img.width","    height = img.naturalHeight || img.height","    if (width / height > aspectRatio) {","      newOptions.maxWidth = height * aspectRatio","      newOptions.maxHeight = height","    } else {","      newOptions.maxWidth = width","      newOptions.maxHeight = width / aspectRatio","    }","    return newOptions","  }","","  // Canvas render method, allows to implement a different rendering algorithm:","  loadImage.renderImageToCanvas = function (","    canvas,","    img,","    sourceX,","    sourceY,","    sourceWidth,","    sourceHeight,","    destX,","    destY,","    destWidth,","    destHeight","  ) {","    canvas.getContext('2d').drawImage(","      img,","      sourceX,","      sourceY,","      sourceWidth,","      sourceHeight,","      destX,","      destY,","      destWidth,","      destHeight","    )","    return canvas","  }","","  // Determines if the target image should be a canvas element:","  loadImage.hasCanvasOption = function (options) {","    return options.canvas || options.crop || !!options.aspectRatio","  }","","  // Scales and/or crops the given image (img or canvas HTML element)","  // using the given options.","  // Returns a canvas object if the browser supports canvas","  // and the hasCanvasOption method returns true or a canvas","  // object is passed as image, else the scaled image:","  loadImage.scale = function (img, options, data) {","    options = options || {}","    var canvas = document.createElement('canvas')","    var useCanvas = img.getContext ||","                    (loadImage.hasCanvasOption(options) && canvas.getContext)","    var width = img.naturalWidth || img.width","    var height = img.naturalHeight || img.height","    var destWidth = width","    var destHeight = height","    var maxWidth","    var maxHeight","    var minWidth","    var minHeight","    var sourceWidth","    var sourceHeight","    var sourceX","    var sourceY","    var pixelRatio","    var downsamplingRatio","    var tmp","    function scaleUp () {","      var scale = Math.max(","        (minWidth || destWidth) / destWidth,","        (minHeight || destHeight) / destHeight","      )","      if (scale > 1) {","        destWidth *= scale","        destHeight *= scale","      }","    }","    function scaleDown () {","      var scale = Math.min(","        (maxWidth || destWidth) / destWidth,","        (maxHeight || destHeight) / destHeight","      )","      if (scale < 1) {","        destWidth *= scale","        destHeight *= scale","      }","    }","    if (useCanvas) {","      options = loadImage.getTransformedOptions(img, options, data)","      sourceX = options.left || 0","      sourceY = options.top || 0","      if (options.sourceWidth) {","        sourceWidth = options.sourceWidth","        if (options.right !== undefined && options.left === undefined) {","          sourceX = width - sourceWidth - options.right","        }","      } else {","        sourceWidth = width - sourceX - (options.right || 0)","      }","      if (options.sourceHeight) {","        sourceHeight = options.sourceHeight","        if (options.bottom !== undefined && options.top === undefined) {","          sourceY = height - sourceHeight - options.bottom","        }","      } else {","        sourceHeight = height - sourceY - (options.bottom || 0)","      }","      destWidth = sourceWidth","      destHeight = sourceHeight","    }","    maxWidth = options.maxWidth","    maxHeight = options.maxHeight","    minWidth = options.minWidth","    minHeight = options.minHeight","    if (useCanvas && maxWidth && maxHeight && options.crop) {","      destWidth = maxWidth","      destHeight = maxHeight","      tmp = sourceWidth / sourceHeight - maxWidth / maxHeight","      if (tmp < 0) {","        sourceHeight = maxHeight * sourceWidth / maxWidth","        if (options.top === undefined && options.bottom === undefined) {","          sourceY = (height - sourceHeight) / 2","        }","      } else if (tmp > 0) {","        sourceWidth = maxWidth * sourceHeight / maxHeight","        if (options.left === undefined && options.right === undefined) {","          sourceX = (width - sourceWidth) / 2","        }","      }","    } else {","      if (options.contain || options.cover) {","        minWidth = maxWidth = maxWidth || minWidth","        minHeight = maxHeight = maxHeight || minHeight","      }","      if (options.cover) {","        scaleDown()","        scaleUp()","      } else {","        scaleUp()","        scaleDown()","      }","    }","    if (useCanvas) {","      pixelRatio = options.pixelRatio","      if (pixelRatio > 1) {","        canvas.style.width = destWidth + 'px'","        canvas.style.height = destHeight + 'px'","        destWidth *= pixelRatio","        destHeight *= pixelRatio","        canvas.getContext('2d').scale(pixelRatio, pixelRatio)","      }","      downsamplingRatio = options.downsamplingRatio","      if (downsamplingRatio > 0 && downsamplingRatio < 1 &&","            destWidth < sourceWidth && destHeight < sourceHeight) {","        while (sourceWidth * downsamplingRatio > destWidth) {","          canvas.width = sourceWidth * downsamplingRatio","          canvas.height = sourceHeight * downsamplingRatio","          loadImage.renderImageToCanvas(","            canvas,","            img,","            sourceX,","            sourceY,","            sourceWidth,","            sourceHeight,","            0,","            0,","            canvas.width,","            canvas.height","          )","          sourceX = 0","          sourceY = 0","          sourceWidth = canvas.width","          sourceHeight = canvas.height","          img = document.createElement('canvas')","          img.width = sourceWidth","          img.height = sourceHeight","          loadImage.renderImageToCanvas(","            img,","            canvas,","            0,","            0,","            sourceWidth,","            sourceHeight,","            0,","            0,","            sourceWidth,","            sourceHeight","          )","        }","      }","      canvas.width = destWidth","      canvas.height = destHeight","      loadImage.transformCoordinates(","        canvas,","        options","      )","      return loadImage.renderImageToCanvas(","        canvas,","        img,","        sourceX,","        sourceY,","        sourceWidth,","        sourceHeight,","        0,","        0,","        destWidth,","        destHeight","      )","    }","    img.width = destWidth","    img.height = destHeight","    return img","  }","}))",""],"l":{"14":2,"16":2,"18":0,"19":2,"20":2,"23":0,"28":0,"30":0,"31":0,"44":0,"45":0,"51":0,"52":0,"53":0,"54":0,"55":0,"56":0,"57":0,"58":0,"60":0,"61":0,"62":0,"63":0,"66":0,"67":0,"68":0,"69":0,"70":0,"71":0,"73":0,"74":0,"76":0,"80":0,"92":0,"103":0,"107":0,"108":0,"116":0,"117":0,"118":0,"119":0,"121":0,"122":0,"123":0,"124":0,"125":0,"126":0,"127":0,"128":0,"129":0,"130":0,"131":0,"132":0,"133":0,"134":0,"135":0,"136":1,"137":0,"141":0,"142":0,"143":0,"146":1,"147":0,"151":0,"152":0,"153":0,"156":0,"157":0,"158":0,"159":0,"160":0,"161":0,"162":0,"163":0,"166":0,"168":0,"169":0,"170":0,"171":0,"174":0,"176":0,"177":0,"179":0,"180":0,"181":0,"182":0,"183":0,"184":0,"185":0,"186":0,"187":0,"188":0,"189":0,"190":0,"192":0,"193":0,"194":0,"195":0,"199":0,"200":0,"201":0,"203":0,"204":0,"205":0,"207":0,"208":0,"211":0,"212":0,"213":0,"214":0,"215":0,"216":0,"217":0,"218":0,"220":0,"221":0,"223":0,"224":0,"225":0,"226":0,"238":0,"239":0,"240":0,"241":0,"242":0,"243":0,"244":0,"245":0,"259":0,"260":0,"261":0,"265":0,"278":0,"279":0,"280":0}}}